#
# There is insufficient memory for the Java Runtime Environment to continue.
# Native memory allocation (mmap) failed to map 32505856 bytes. Error detail: G1 virtual space
# Possible reasons:
#   The system is out of physical RAM or swap space
#   This process is running with CompressedOops enabled, and the Java Heap may be blocking the growth of the native heap
# Possible solutions:
#   Reduce memory load on the system
#   Increase physical memory or swap space
#   Check if swap backing store is full
#   Decrease Java heap size (-Xmx/-Xms)
#   Decrease number of Java threads
#   Decrease Java thread stack sizes (-Xss)
#   Set larger code cache with -XX:ReservedCodeCacheSize=
#   JVM is running with Unscaled Compressed Oops mode in which the Java heap is
#     placed in the first 4GB address space. The Java Heap base address is the
#     maximum limit for the native heap growth. Please use -XX:HeapBaseMinAddress
#     to set the Java Heap base and to place the Java Heap above 4GB virtual address.
# This output file may be truncated or incomplete.
#
#  Out of Memory Error (os_windows.cpp:3686), pid=4496, tid=10304
#
# JRE version: OpenJDK Runtime Environment Temurin-21.0.6+7 (21.0.6+7) (build 21.0.6+7-LTS)
# Java VM: OpenJDK 64-Bit Server VM Temurin-21.0.6+7 (21.0.6+7-LTS, mixed mode, sharing, tiered, compressed oops, compressed class ptrs, g1 gc, windows-amd64)
# No core dump will be written. Minidumps are not enabled by default on client versions of Windows
#

---------------  S U M M A R Y ------------

Command Line: -Dfile.encoding=UTF-8 -Dstdout.encoding=UTF-8 -Dstderr.encoding=UTF-8 --module-path=C:\Users\pege1\Documents\GitHub\gamejava\HarryPotterRPG\bin -XX:+ShowCodeDetailsInExceptionMessages -Djdk.module.main=HarryPotterRPG HarryPotterRPG/controle.Game

Host: AMD Ryzen 5 7520U with Radeon Graphics         , 8 cores, 7G,  Windows 11 , 64 bit Build 26100 (10.0.26100.3912)
Time: Fri Jun 13 20:13:57 2025 Hora oficial do Brasil elapsed time: 6.576366 seconds (0d 0h 0m 6s)

---------------  T H R E A D  ---------------

Current thread (0x0000017e23e4d5b0):  VMThread "VM Thread"          [id=10304, stack(0x00000048ecf00000,0x00000048ed000000) (1024K)]

Stack: [0x00000048ecf00000,0x00000048ed000000]
Native frames: (J=compiled Java code, j=interpreted, Vv=VM code, C=native code)
V  [jvm.dll+0x6cdee9]
V  [jvm.dll+0x8a83d1]
V  [jvm.dll+0x8aa8fe]
V  [jvm.dll+0x8aafe3]
V  [jvm.dll+0x27f706]
V  [jvm.dll+0x6ca755]
V  [jvm.dll+0x6bea3a]
V  [jvm.dll+0x355d6a]
V  [jvm.dll+0x35d936]
V  [jvm.dll+0x3af58e]
V  [jvm.dll+0x3af838]
V  [jvm.dll+0x329efc]
V  [jvm.dll+0x32c756]
V  [jvm.dll+0x336948]
V  [jvm.dll+0x36be6f]
V  [jvm.dll+0x8b0cff]
V  [jvm.dll+0x8b2084]
V  [jvm.dll+0x8b25c0]
V  [jvm.dll+0x8b2863]
V  [jvm.dll+0x851f8b]
V  [jvm.dll+0x6cc5ed]
C  [ucrtbase.dll+0x37b0]
C  [KERNEL32.DLL+0x2e8d7]
C  [ntdll.dll+0x9c5dc]

VM_Operation (0x00000048ecaffa50): G1PauseRemark, mode: safepoint, requested by thread 0x0000017e06d39270


---------------  P R O C E S S  ---------------

Threads class SMR info:
_java_thread_list=0x0000017e69767580, length=16, elements={
0x0000017e06cd9730, 0x0000017e23e6d090, 0x0000017e23e6dae0, 0x0000017e23e6fef0,
0x0000017e23e70940, 0x0000017e23e71b30, 0x0000017e23e78490, 0x0000017e23e8a100,
0x0000017e23e8b460, 0x0000017e690cae50, 0x0000017e691760a0, 0x0000017e691a10b0,
0x0000017e697a37d0, 0x0000017e697a7100, 0x0000017e697aa220, 0x0000017e82f78f20
}

Java Threads: ( => current thread )
  0x0000017e06cd9730 JavaThread "main"                              [_thread_blocked, id=2956, stack(0x00000048ec800000,0x00000048ec900000) (1024K)]
  0x0000017e23e6d090 JavaThread "Reference Handler"          daemon [_thread_blocked, id=348, stack(0x00000048ed000000,0x00000048ed100000) (1024K)]
  0x0000017e23e6dae0 JavaThread "Finalizer"                  daemon [_thread_blocked, id=20792, stack(0x00000048ed100000,0x00000048ed200000) (1024K)]
  0x0000017e23e6fef0 JavaThread "Signal Dispatcher"          daemon [_thread_blocked, id=9764, stack(0x00000048ed200000,0x00000048ed300000) (1024K)]
  0x0000017e23e70940 JavaThread "Attach Listener"            daemon [_thread_blocked, id=16548, stack(0x00000048ed300000,0x00000048ed400000) (1024K)]
  0x0000017e23e71b30 JavaThread "Service Thread"             daemon [_thread_blocked, id=26176, stack(0x00000048ed400000,0x00000048ed500000) (1024K)]
  0x0000017e23e78490 JavaThread "Monitor Deflation Thread"   daemon [_thread_blocked, id=28664, stack(0x00000048ed500000,0x00000048ed600000) (1024K)]
  0x0000017e23e8a100 JavaThread "C2 CompilerThread0"         daemon [_thread_blocked, id=23036, stack(0x00000048ed600000,0x00000048ed700000) (1024K)]
  0x0000017e23e8b460 JavaThread "C1 CompilerThread0"         daemon [_thread_blocked, id=14148, stack(0x00000048ed700000,0x00000048ed800000) (1024K)]
  0x0000017e690cae50 JavaThread "Common-Cleaner"             daemon [_thread_blocked, id=28576, stack(0x00000048ed800000,0x00000048ed900000) (1024K)]
  0x0000017e691760a0 JavaThread "Notification Thread"        daemon [_thread_blocked, id=23760, stack(0x00000048ed900000,0x00000048eda00000) (1024K)]
  0x0000017e691a10b0 JavaThread "mysql-cj-abandoned-connection-cleanup" daemon [_thread_blocked, id=22012, stack(0x00000048eda00000,0x00000048edb00000) (1024K)]
  0x0000017e697a37d0 JavaThread "Java2D Disposer"            daemon [_thread_blocked, id=28524, stack(0x00000048edb00000,0x00000048edc00000) (1024K)]
  0x0000017e697a7100 JavaThread "AWT-Shutdown"                      [_thread_blocked, id=21184, stack(0x00000048edc00000,0x00000048edd00000) (1024K)]
  0x0000017e697aa220 JavaThread "AWT-Windows"                daemon [_thread_in_native, id=25232, stack(0x00000048edd00000,0x00000048ede00000) (1024K)]
  0x0000017e82f78f20 JavaThread "Image Fetcher 0"            daemon [_thread_blocked, id=13472, stack(0x00000048ede00000,0x00000048edf00000) (1024K)]
Total: 16

Other Threads:
=>0x0000017e23e4d5b0 VMThread "VM Thread"                           [id=10304, stack(0x00000048ecf00000,0x00000048ed000000) (1024K)]
  0x0000017e23e3ebc0 WatcherThread "VM Periodic Task Thread"        [id=10120, stack(0x00000048ece00000,0x00000048ecf00000) (1024K)]
  0x0000017e06d28d80 WorkerThread "GC Thread#0"                     [id=14944, stack(0x00000048ec900000,0x00000048eca00000) (1024K)]
  0x0000017e8307d4f0 WorkerThread "GC Thread#1"                     [id=26140, stack(0x00000048edf00000,0x00000048ee000000) (1024K)]
  0x0000017e8307d890 WorkerThread "GC Thread#2"                     [id=6700, stack(0x00000048ee000000,0x00000048ee100000) (1024K)]
  0x0000017e8307e040 WorkerThread "GC Thread#3"                     [id=25064, stack(0x00000048ee100000,0x00000048ee200000) (1024K)]
  0x0000017e69a38120 WorkerThread "GC Thread#4"                     [id=660, stack(0x00000048ee200000,0x00000048ee300000) (1024K)]
  0x0000017e69a388d0 WorkerThread "GC Thread#5"                     [id=23572, stack(0x00000048ee300000,0x00000048ee400000) (1024K)]
  0x0000017e69a38c70 WorkerThread "GC Thread#6"                     [id=10324, stack(0x00000048ee400000,0x00000048ee500000) (1024K)]
  0x0000017e69a39010 WorkerThread "GC Thread#7"                     [id=13504, stack(0x00000048ee500000,0x00000048ee600000) (1024K)]
  0x0000017e06d39270 ConcurrentGCThread "G1 Main Marker"            [id=10192, stack(0x00000048eca00000,0x00000048ecb00000) (1024K)]
  0x0000017e06d3c240 WorkerThread "G1 Conc#0"                       [id=27932, stack(0x00000048ecb00000,0x00000048ecc00000) (1024K)]
  0x0000017e69a4c770 WorkerThread "G1 Conc#1"                       [id=7968, stack(0x00000048ee600000,0x00000048ee700000) (1024K)]
  0x0000017e23d10150 ConcurrentGCThread "G1 Refine#0"               [id=13116, stack(0x00000048ecc00000,0x00000048ecd00000) (1024K)]
  0x0000017e23d10b60 ConcurrentGCThread "G1 Service"                [id=2964, stack(0x00000048ecd00000,0x00000048ece00000) (1024K)]
Total: 15

Threads with active compile tasks:
Total: 0

VM state: at safepoint (normal execution)

VM Mutex/Monitor currently owned by a thread:  ([mutex/lock_event])
[0x00007fff3fefe380] Threads_lock - owner thread: 0x0000017e23e4d5b0
[0x00007fff3fefe480] Heap_lock - owner thread: 0x0000017e06d39270

Heap address: 0x000000008b800000, size: 1864 MB, Compressed Oops mode: 32-bit

CDS archive(s) mapped at: [0x0000017e24000000-0x0000017e24c80000-0x0000017e24c80000), size 13107200, SharedBaseAddress: 0x0000017e24000000, ArchiveRelocationMode: 1.
Compressed class space mapped at: 0x0000017e25000000-0x0000017e65000000, reserved size: 1073741824
Narrow klass base: 0x0000017e24000000, Narrow klass shift: 0, Narrow klass range: 0x100000000

GC Precious Log:
 CardTable entry size: 512
 Card Set container configuration: InlinePtr #cards 5 size 8 Array Of Cards #cards 12 size 40 Howl #buckets 4 coarsen threshold 1843 Howl Bitmap #cards 512 size 80 coarsen threshold 460 Card regions per heap region 1 cards per card region 2048
 CPUs: 8 total, 8 available
 Memory: 7455M
 Large Page Support: Disabled
 NUMA Support: Disabled
 Compressed Oops: Enabled (32-bit)
 Heap Region Size: 1M
 Heap Min Capacity: 8M
 Heap Initial Capacity: 118M
 Heap Max Capacity: 1864M
 Pre-touch: Disabled
 Parallel Workers: 8
 Concurrent Workers: 2
 Concurrent Refinement Workers: 8
 Periodic GC: Disabled

Heap:
 garbage-first heap   total 121856K, used 90482K [0x000000008b800000, 0x0000000100000000)
  region size 1024K, 2 young (2048K), 1 survivors (1024K)
 Metaspace       used 9696K, committed 9984K, reserved 1114112K
  class space    used 989K, committed 1152K, reserved 1048576K

Heap Regions: E=young(eden), S=young(survivor), O=old, HS=humongous(starts), HC=humongous(continues), CS=collection set, F=free, TAMS=top-at-mark-start, PB=parsable bottom
|   0|0x000000008b800000, 0x000000008b900000, 0x000000008b900000|100%| O|  |TAMS 0x000000008b900000| PB 0x000000008b900000| Untracked 
|   1|0x000000008b900000, 0x000000008ba00000, 0x000000008ba00000|100%|HS|  |TAMS 0x000000008ba00000| PB 0x000000008b900000| Complete 
|   2|0x000000008ba00000, 0x000000008bb00000, 0x000000008bb00000|100%|HC|  |TAMS 0x000000008bb00000| PB 0x000000008ba00000| Complete 
|   3|0x000000008bb00000, 0x000000008bc00000, 0x000000008bc00000|100%|HC|  |TAMS 0x000000008bc00000| PB 0x000000008bb00000| Complete 
|   4|0x000000008bc00000, 0x000000008bd00000, 0x000000008bd00000|100%|HC|  |TAMS 0x000000008bd00000| PB 0x000000008bc00000| Complete 
|   5|0x000000008bd00000, 0x000000008be00000, 0x000000008be00000|100%|HC|  |TAMS 0x000000008be00000| PB 0x000000008bd00000| Complete 
|   6|0x000000008be00000, 0x000000008bf00000, 0x000000008bf00000|100%|HC|  |TAMS 0x000000008bf00000| PB 0x000000008be00000| Complete 
|   7|0x000000008bf00000, 0x000000008c000000, 0x000000008c000000|100%|HC|  |TAMS 0x000000008c000000| PB 0x000000008bf00000| Complete 
|   8|0x000000008c000000, 0x000000008c100000, 0x000000008c100000|100%|HC|  |TAMS 0x000000008c100000| PB 0x000000008c000000| Complete 
|   9|0x000000008c100000, 0x000000008c200000, 0x000000008c200000|100%|HC|  |TAMS 0x000000008c200000| PB 0x000000008c100000| Complete 
|  10|0x000000008c200000, 0x000000008c300000, 0x000000008c300000|100%|HC|  |TAMS 0x000000008c300000| PB 0x000000008c200000| Complete 
|  11|0x000000008c300000, 0x000000008c400000, 0x000000008c400000|100%|HC|  |TAMS 0x000000008c400000| PB 0x000000008c300000| Complete 
|  12|0x000000008c400000, 0x000000008c500000, 0x000000008c500000|100%|HC|  |TAMS 0x000000008c500000| PB 0x000000008c400000| Complete 
|  13|0x000000008c500000, 0x000000008c600000, 0x000000008c600000|100%|HC|  |TAMS 0x000000008c600000| PB 0x000000008c500000| Complete 
|  14|0x000000008c600000, 0x000000008c700000, 0x000000008c700000|100%|HC|  |TAMS 0x000000008c700000| PB 0x000000008c600000| Complete 
|  15|0x000000008c700000, 0x000000008c800000, 0x000000008c800000|100%|HC|  |TAMS 0x000000008c800000| PB 0x000000008c700000| Complete 
|  16|0x000000008c800000, 0x000000008c900000, 0x000000008c900000|100%|HC|  |TAMS 0x000000008c900000| PB 0x000000008c800000| Complete 
|  17|0x000000008c900000, 0x000000008ca00000, 0x000000008ca00000|100%|HC|  |TAMS 0x000000008ca00000| PB 0x000000008c900000| Complete 
|  18|0x000000008ca00000, 0x000000008cb00000, 0x000000008cb00000|100%|HC|  |TAMS 0x000000008cb00000| PB 0x000000008ca00000| Complete 
|  19|0x000000008cb00000, 0x000000008cc00000, 0x000000008cc00000|100%|HC|  |TAMS 0x000000008cc00000| PB 0x000000008cb00000| Complete 
|  20|0x000000008cc00000, 0x000000008cd00000, 0x000000008cd00000|100%|HC|  |TAMS 0x000000008cd00000| PB 0x000000008cc00000| Complete 
|  21|0x000000008cd00000, 0x000000008ce00000, 0x000000008ce00000|100%|HC|  |TAMS 0x000000008ce00000| PB 0x000000008cd00000| Complete 
|  22|0x000000008ce00000, 0x000000008cf00000, 0x000000008cf00000|100%|HC|  |TAMS 0x000000008cf00000| PB 0x000000008ce00000| Complete 
|  23|0x000000008cf00000, 0x000000008d000000, 0x000000008d000000|100%|HC|  |TAMS 0x000000008d000000| PB 0x000000008cf00000| Complete 
|  24|0x000000008d000000, 0x000000008d100000, 0x000000008d100000|100%|HC|  |TAMS 0x000000008d100000| PB 0x000000008d000000| Complete 
|  25|0x000000008d100000, 0x000000008d200000, 0x000000008d200000|100%|HC|  |TAMS 0x000000008d200000| PB 0x000000008d100000| Complete 
|  26|0x000000008d200000, 0x000000008d300000, 0x000000008d300000|100%|HC|  |TAMS 0x000000008d300000| PB 0x000000008d200000| Complete 
|  27|0x000000008d300000, 0x000000008d400000, 0x000000008d400000|100%|HC|  |TAMS 0x000000008d400000| PB 0x000000008d300000| Complete 
|  28|0x000000008d400000, 0x000000008d500000, 0x000000008d500000|100%|HC|  |TAMS 0x000000008d500000| PB 0x000000008d400000| Complete 
|  29|0x000000008d500000, 0x000000008d600000, 0x000000008d600000|100%|HC|  |TAMS 0x000000008d600000| PB 0x000000008d500000| Complete 
|  30|0x000000008d600000, 0x000000008d700000, 0x000000008d700000|100%|HC|  |TAMS 0x000000008d700000| PB 0x000000008d600000| Complete 
|  31|0x000000008d700000, 0x000000008d800000, 0x000000008d800000|100%|HC|  |TAMS 0x000000008d800000| PB 0x000000008d700000| Complete 
|  32|0x000000008d800000, 0x000000008d900000, 0x000000008d900000|100%|HC|  |TAMS 0x000000008d900000| PB 0x000000008d800000| Complete 
|  33|0x000000008d900000, 0x000000008da00000, 0x000000008da00000|100%|HC|  |TAMS 0x000000008da00000| PB 0x000000008d900000| Complete 
|  34|0x000000008da00000, 0x000000008db00000, 0x000000008db00000|100%|HC|  |TAMS 0x000000008db00000| PB 0x000000008da00000| Complete 
|  35|0x000000008db00000, 0x000000008dc00000, 0x000000008dc00000|100%|HC|  |TAMS 0x000000008dc00000| PB 0x000000008db00000| Complete 
|  36|0x000000008dc00000, 0x000000008dd00000, 0x000000008dd00000|100%|HC|  |TAMS 0x000000008dd00000| PB 0x000000008dc00000| Complete 
|  37|0x000000008dd00000, 0x000000008de00000, 0x000000008de00000|100%|HC|  |TAMS 0x000000008de00000| PB 0x000000008dd00000| Complete 
|  38|0x000000008de00000, 0x000000008df00000, 0x000000008df00000|100%|HC|  |TAMS 0x000000008df00000| PB 0x000000008de00000| Complete 
|  39|0x000000008df00000, 0x000000008e000000, 0x000000008e000000|100%|HC|  |TAMS 0x000000008e000000| PB 0x000000008df00000| Complete 
|  40|0x000000008e000000, 0x000000008e100000, 0x000000008e100000|100%|HC|  |TAMS 0x000000008e100000| PB 0x000000008e000000| Complete 
|  41|0x000000008e100000, 0x000000008e200000, 0x000000008e200000|100%|HC|  |TAMS 0x000000008e200000| PB 0x000000008e100000| Complete 
|  42|0x000000008e200000, 0x000000008e300000, 0x000000008e300000|100%|HC|  |TAMS 0x000000008e300000| PB 0x000000008e200000| Complete 
|  43|0x000000008e300000, 0x000000008e400000, 0x000000008e400000|100%|HC|  |TAMS 0x000000008e400000| PB 0x000000008e300000| Complete 
|  44|0x000000008e400000, 0x000000008e500000, 0x000000008e500000|100%|HC|  |TAMS 0x000000008e500000| PB 0x000000008e400000| Complete 
|  45|0x000000008e500000, 0x000000008e600000, 0x000000008e600000|100%|HC|  |TAMS 0x000000008e600000| PB 0x000000008e500000| Complete 
|  46|0x000000008e600000, 0x000000008e700000, 0x000000008e700000|100%|HC|  |TAMS 0x000000008e700000| PB 0x000000008e600000| Complete 
|  47|0x000000008e700000, 0x000000008e800000, 0x000000008e800000|100%|HC|  |TAMS 0x000000008e800000| PB 0x000000008e700000| Complete 
|  48|0x000000008e800000, 0x000000008e900000, 0x000000008e900000|100%|HC|  |TAMS 0x000000008e900000| PB 0x000000008e800000| Complete 
|  49|0x000000008e900000, 0x000000008ea00000, 0x000000008ea00000|100%|HC|  |TAMS 0x000000008ea00000| PB 0x000000008e900000| Complete 
|  50|0x000000008ea00000, 0x000000008eb00000, 0x000000008eb00000|100%|HC|  |TAMS 0x000000008eb00000| PB 0x000000008ea00000| Complete 
|  51|0x000000008eb00000, 0x000000008ec00000, 0x000000008ec00000|100%|HC|  |TAMS 0x000000008ec00000| PB 0x000000008eb00000| Complete 
|  52|0x000000008ec00000, 0x000000008ed00000, 0x000000008ed00000|100%|HC|  |TAMS 0x000000008ed00000| PB 0x000000008ec00000| Complete 
|  53|0x000000008ed00000, 0x000000008ee00000, 0x000000008ee00000|100%|HC|  |TAMS 0x000000008ee00000| PB 0x000000008ed00000| Complete 
|  54|0x000000008ee00000, 0x000000008ef00000, 0x000000008ef00000|100%|HC|  |TAMS 0x000000008ef00000| PB 0x000000008ee00000| Complete 
|  55|0x000000008ef00000, 0x000000008f000000, 0x000000008f000000|100%|HC|  |TAMS 0x000000008f000000| PB 0x000000008ef00000| Complete 
|  56|0x000000008f000000, 0x000000008f100000, 0x000000008f100000|100%|HC|  |TAMS 0x000000008f100000| PB 0x000000008f000000| Complete 
|  57|0x000000008f100000, 0x000000008f200000, 0x000000008f200000|100%|HC|  |TAMS 0x000000008f200000| PB 0x000000008f100000| Complete 
|  58|0x000000008f200000, 0x000000008f300000, 0x000000008f300000|100%|HC|  |TAMS 0x000000008f300000| PB 0x000000008f200000| Complete 
|  59|0x000000008f300000, 0x000000008f400000, 0x000000008f400000|100%|HC|  |TAMS 0x000000008f400000| PB 0x000000008f300000| Complete 
|  60|0x000000008f400000, 0x000000008f500000, 0x000000008f500000|100%|HC|  |TAMS 0x000000008f500000| PB 0x000000008f400000| Complete 
|  61|0x000000008f500000, 0x000000008f600000, 0x000000008f600000|100%|HC|  |TAMS 0x000000008f600000| PB 0x000000008f500000| Complete 
|  62|0x000000008f600000, 0x000000008f700000, 0x000000008f700000|100%|HC|  |TAMS 0x000000008f700000| PB 0x000000008f600000| Complete 
|  63|0x000000008f700000, 0x000000008f800000, 0x000000008f800000|100%|HC|  |TAMS 0x000000008f800000| PB 0x000000008f700000| Complete 
|  64|0x000000008f800000, 0x000000008f900000, 0x000000008f900000|100%|HC|  |TAMS 0x000000008f900000| PB 0x000000008f800000| Complete 
|  65|0x000000008f900000, 0x000000008fa00000, 0x000000008fa00000|100%|HC|  |TAMS 0x000000008fa00000| PB 0x000000008f900000| Complete 
|  66|0x000000008fa00000, 0x000000008fb00000, 0x000000008fb00000|100%|HC|  |TAMS 0x000000008fb00000| PB 0x000000008fa00000| Complete 
|  67|0x000000008fb00000, 0x000000008fc00000, 0x000000008fc00000|100%|HC|  |TAMS 0x000000008fc00000| PB 0x000000008fb00000| Complete 
|  68|0x000000008fc00000, 0x000000008fd00000, 0x000000008fd00000|100%|HC|  |TAMS 0x000000008fd00000| PB 0x000000008fc00000| Complete 
|  69|0x000000008fd00000, 0x000000008fe00000, 0x000000008fe00000|100%|HC|  |TAMS 0x000000008fe00000| PB 0x000000008fd00000| Complete 
|  70|0x000000008fe00000, 0x000000008ff00000, 0x000000008ff00000|100%|HC|  |TAMS 0x000000008ff00000| PB 0x000000008fe00000| Complete 
|  71|0x000000008ff00000, 0x0000000090000000, 0x0000000090000000|100%|HC|  |TAMS 0x0000000090000000| PB 0x000000008ff00000| Complete 
|  72|0x0000000090000000, 0x0000000090100000, 0x0000000090100000|100%|HC|  |TAMS 0x0000000090100000| PB 0x0000000090000000| Complete 
|  73|0x0000000090100000, 0x0000000090200000, 0x0000000090200000|100%|HC|  |TAMS 0x0000000090200000| PB 0x0000000090100000| Complete 
|  74|0x0000000090200000, 0x0000000090300000, 0x0000000090300000|100%|HC|  |TAMS 0x0000000090300000| PB 0x0000000090200000| Complete 
|  75|0x0000000090300000, 0x0000000090400000, 0x0000000090400000|100%|HC|  |TAMS 0x0000000090400000| PB 0x0000000090300000| Complete 
|  76|0x0000000090400000, 0x0000000090500000, 0x0000000090500000|100%|HC|  |TAMS 0x0000000090500000| PB 0x0000000090400000| Complete 
|  77|0x0000000090500000, 0x0000000090600000, 0x0000000090600000|100%|HC|  |TAMS 0x0000000090600000| PB 0x0000000090500000| Complete 
|  78|0x0000000090600000, 0x0000000090700000, 0x0000000090700000|100%|HC|  |TAMS 0x0000000090700000| PB 0x0000000090600000| Complete 
|  79|0x0000000090700000, 0x0000000090800000, 0x0000000090800000|100%|HC|  |TAMS 0x0000000090800000| PB 0x0000000090700000| Complete 
|  80|0x0000000090800000, 0x0000000090900000, 0x0000000090900000|100%|HC|  |TAMS 0x0000000090900000| PB 0x0000000090800000| Complete 
|  81|0x0000000090900000, 0x0000000090a00000, 0x0000000090a00000|100%|HC|  |TAMS 0x0000000090a00000| PB 0x0000000090900000| Complete 
|  82|0x0000000090a00000, 0x0000000090b00000, 0x0000000090b00000|100%|HC|  |TAMS 0x0000000090b00000| PB 0x0000000090a00000| Complete 
|  83|0x0000000090b00000, 0x0000000090c00000, 0x0000000090c00000|100%|HC|  |TAMS 0x0000000090c00000| PB 0x0000000090b00000| Complete 
|  84|0x0000000090c00000, 0x0000000090d00000, 0x0000000090d00000|100%|HC|  |TAMS 0x0000000090d00000| PB 0x0000000090c00000| Complete 
|  85|0x0000000090d00000, 0x0000000090e00000, 0x0000000090e00000|100%|HC|  |TAMS 0x0000000090e00000| PB 0x0000000090d00000| Complete 
|  86|0x0000000090e00000, 0x0000000090f00000, 0x0000000090f00000|100%| O|  |TAMS 0x0000000090f00000| PB 0x0000000090f00000| Untracked 
|  87|0x0000000090f00000, 0x0000000091000000, 0x0000000091000000|100%| O|  |TAMS 0x0000000091000000| PB 0x0000000091000000| Untracked 
|  88|0x0000000091000000, 0x0000000091000000, 0x0000000091100000|  0%| F|  |TAMS 0x0000000091000000| PB 0x0000000091000000| Untracked 
|  89|0x0000000091100000, 0x0000000091100000, 0x0000000091200000|  0%| F|  |TAMS 0x0000000091100000| PB 0x0000000091100000| Untracked 
|  90|0x0000000091200000, 0x0000000091200000, 0x0000000091300000|  0%| F|  |TAMS 0x0000000091200000| PB 0x0000000091200000| Untracked 
|  91|0x0000000091300000, 0x0000000091300000, 0x0000000091400000|  0%| F|  |TAMS 0x0000000091300000| PB 0x0000000091300000| Untracked 
|  92|0x0000000091400000, 0x0000000091400000, 0x0000000091500000|  0%| F|  |TAMS 0x0000000091400000| PB 0x0000000091400000| Untracked 
|  93|0x0000000091500000, 0x0000000091500000, 0x0000000091600000|  0%| F|  |TAMS 0x0000000091500000| PB 0x0000000091500000| Untracked 
|  94|0x0000000091600000, 0x0000000091600000, 0x0000000091700000|  0%| F|  |TAMS 0x0000000091600000| PB 0x0000000091600000| Untracked 
|  95|0x0000000091700000, 0x0000000091700000, 0x0000000091800000|  0%| F|  |TAMS 0x0000000091700000| PB 0x0000000091700000| Untracked 
|  96|0x0000000091800000, 0x0000000091800000, 0x0000000091900000|  0%| F|  |TAMS 0x0000000091800000| PB 0x0000000091800000| Untracked 
|  97|0x0000000091900000, 0x0000000091925680, 0x0000000091a00000| 14%| S|CS|TAMS 0x0000000091900000| PB 0x0000000091900000| Complete 
|  98|0x0000000091a00000, 0x0000000091a00000, 0x0000000091b00000|  0%| F|  |TAMS 0x0000000091a00000| PB 0x0000000091a00000| Untracked 
|  99|0x0000000091b00000, 0x0000000091b00000, 0x0000000091c00000|  0%| F|  |TAMS 0x0000000091b00000| PB 0x0000000091b00000| Untracked 
| 100|0x0000000091c00000, 0x0000000091c00000, 0x0000000091d00000|  0%| F|  |TAMS 0x0000000091c00000| PB 0x0000000091c00000| Untracked 
| 101|0x0000000091d00000, 0x0000000091d00000, 0x0000000091e00000|  0%| F|  |TAMS 0x0000000091d00000| PB 0x0000000091d00000| Untracked 
| 102|0x0000000091e00000, 0x0000000091e00000, 0x0000000091f00000|  0%| F|  |TAMS 0x0000000091e00000| PB 0x0000000091e00000| Untracked 
| 103|0x0000000091f00000, 0x0000000091f00000, 0x0000000092000000|  0%| F|  |TAMS 0x0000000091f00000| PB 0x0000000091f00000| Untracked 
| 104|0x0000000092000000, 0x0000000092000000, 0x0000000092100000|  0%| F|  |TAMS 0x0000000092000000| PB 0x0000000092000000| Untracked 
| 105|0x0000000092100000, 0x0000000092100000, 0x0000000092200000|  0%| F|  |TAMS 0x0000000092100000| PB 0x0000000092100000| Untracked 
| 106|0x0000000092200000, 0x0000000092200000, 0x0000000092300000|  0%| F|  |TAMS 0x0000000092200000| PB 0x0000000092200000| Untracked 
| 107|0x0000000092300000, 0x0000000092300000, 0x0000000092400000|  0%| F|  |TAMS 0x0000000092300000| PB 0x0000000092300000| Untracked 
| 108|0x0000000092400000, 0x0000000092400000, 0x0000000092500000|  0%| F|  |TAMS 0x0000000092400000| PB 0x0000000092400000| Untracked 
| 109|0x0000000092500000, 0x0000000092500000, 0x0000000092600000|  0%| F|  |TAMS 0x0000000092500000| PB 0x0000000092500000| Untracked 
| 110|0x0000000092600000, 0x0000000092600000, 0x0000000092700000|  0%| F|  |TAMS 0x0000000092600000| PB 0x0000000092600000| Untracked 
| 111|0x0000000092700000, 0x0000000092700000, 0x0000000092800000|  0%| F|  |TAMS 0x0000000092700000| PB 0x0000000092700000| Untracked 
| 112|0x0000000092800000, 0x0000000092800000, 0x0000000092900000|  0%| F|  |TAMS 0x0000000092800000| PB 0x0000000092800000| Untracked 
| 113|0x0000000092900000, 0x0000000092900000, 0x0000000092a00000|  0%| F|  |TAMS 0x0000000092900000| PB 0x0000000092900000| Untracked 
| 114|0x0000000092a00000, 0x0000000092a00000, 0x0000000092b00000|  0%| F|  |TAMS 0x0000000092a00000| PB 0x0000000092a00000| Untracked 
| 115|0x0000000092b00000, 0x0000000092b00000, 0x0000000092c00000|  0%| F|  |TAMS 0x0000000092b00000| PB 0x0000000092b00000| Untracked 
| 116|0x0000000092c00000, 0x0000000092c00000, 0x0000000092d00000|  0%| F|  |TAMS 0x0000000092c00000| PB 0x0000000092c00000| Untracked 
| 117|0x0000000092d00000, 0x0000000092dab138, 0x0000000092e00000| 66%| E|  |TAMS 0x0000000092d00000| PB 0x0000000092d00000| Complete 
|1863|0x00000000fff00000, 0x00000000fff37440, 0x0000000100000000| 21%| O|  |TAMS 0x00000000fff37440| PB 0x00000000fff37440| Updating 

Card table byte_map: [0x0000017e1f300000,0x0000017e1f6b0000] _byte_map_base: 0x0000017e1eea4000

Marking Bits: (CMBitMap*) 0x0000017e06d2a090
 Bits: [0x0000017e1f6b0000, 0x0000017e213d0000)

Polling page: 0x0000017e054c0000

Metaspace:

Usage:
  Non-class:      8.50 MB used.
      Class:    989.87 KB used.
       Both:      9.47 MB used.

Virtual space:
  Non-class space:       64.00 MB reserved,       8.62 MB ( 13%) committed,  1 nodes.
      Class space:        1.00 GB reserved,       1.12 MB ( <1%) committed,  1 nodes.
             Both:        1.06 GB reserved,       9.75 MB ( <1%) committed. 

Chunk freelists:
   Non-Class:  6.96 MB
       Class:  14.75 MB
        Both:  21.70 MB

MaxMetaspaceSize: unlimited
CompressedClassSpaceSize: 1.00 GB
Initial GC threshold: 21.00 MB
Current GC threshold: 21.00 MB
CDS: on
 - commit_granule_bytes: 65536.
 - commit_granule_words: 8192.
 - virtual_space_node_default_size: 8388608.
 - enlarge_chunks_in_place: 1.
 - use_allocation_guard: 0.


Internal statistics:

num_allocs_failed_limit: 0.
num_arena_births: 160.
num_arena_deaths: 0.
num_vsnodes_births: 2.
num_vsnodes_deaths: 0.
num_space_committed: 155.
num_space_uncommitted: 0.
num_chunks_returned_to_freelist: 0.
num_chunks_taken_from_freelist: 319.
num_chunk_merges: 0.
num_chunk_splits: 216.
num_chunks_enlarged: 135.
num_inconsistent_stats: 0.

CodeHeap 'non-profiled nmethods': size=120000Kb used=409Kb max_used=409Kb free=119590Kb
 bounds [0x0000017e16fc0000, 0x0000017e17230000, 0x0000017e1e4f0000]
CodeHeap 'profiled nmethods': size=120000Kb used=1745Kb max_used=1745Kb free=118254Kb
 bounds [0x0000017e0f4f0000, 0x0000017e0f760000, 0x0000017e16a20000]
CodeHeap 'non-nmethods': size=5760Kb used=1517Kb max_used=1535Kb free=4242Kb
 bounds [0x0000017e16a20000, 0x0000017e16c90000, 0x0000017e16fc0000]
 total_blobs=1699 nmethods=1106 adapters=498
 compilation: enabled
              stopped_count=0, restarted_count=0
 full_count=0

Compilation events (20 events):
Event: 4.327 Thread 0x0000017e23e8b460 1097   !   3       sun.awt.image.ImageRepresentation::setPixels (527 bytes)
Event: 4.328 Thread 0x0000017e23e8b460 nmethod 1097 0x0000017e0f69df10 code [0x0000017e0f69e2c0, 0x0000017e0f6a0268]
Event: 4.338 Thread 0x0000017e23e8b460 1098       3       java.awt.ImageMediaEntry::imageUpdate (51 bytes)
Event: 4.338 Thread 0x0000017e23e8b460 nmethod 1098 0x0000017e0f6a1310 code [0x0000017e0f6a1500, 0x0000017e0f6a1bb0]
Event: 4.338 Thread 0x0000017e23e8b460 1099       3       sun.awt.image.ImageWatched$WeakLink::update (39 bytes)
Event: 4.339 Thread 0x0000017e23e8b460 nmethod 1099 0x0000017e0f6a1d90 code [0x0000017e0f6a2020, 0x0000017e0f6a2d18]
Event: 4.353 Thread 0x0000017e23e8a100 1101       4       java.io.BufferedInputStream::getBufIfOpen (61 bytes)
Event: 4.355 Thread 0x0000017e23e8a100 nmethod 1101 0x0000017e17022e90 code [0x0000017e17023020, 0x0000017e17023308]
Event: 4.365 Thread 0x0000017e23e8a100 1102       4       java.io.BufferedInputStream::read1 (121 bytes)
Event: 4.370 Thread 0x0000017e23e8a100 nmethod 1102 0x0000017e17023410 code [0x0000017e170235e0, 0x0000017e17023ad8]
Event: 4.378 Thread 0x0000017e23e8a100 1103   !   4       java.io.BufferedInputStream::read (69 bytes)
Event: 4.395 Thread 0x0000017e23e8a100 nmethod 1103 0x0000017e17023d90 code [0x0000017e17024080, 0x0000017e17025290]
Event: 4.479 Thread 0x0000017e23e8b460 1104   !   3       java.io.FileInputStream::read (32 bytes)
Event: 4.479 Thread 0x0000017e23e8b460 nmethod 1104 0x0000017e0f6a3110 code [0x0000017e0f6a32e0, 0x0000017e0f6a3508]
Event: 4.494 Thread 0x0000017e23e8b460 1105       3       java.io.BufferedInputStream::fill (204 bytes)
Event: 4.495 Thread 0x0000017e23e8b460 nmethod 1105 0x0000017e0f6a3690 code [0x0000017e0f6a3900, 0x0000017e0f6a4418]
Event: 4.500 Thread 0x0000017e23e8a100 1106       4       jdk.internal.misc.Blocker::end (71 bytes)
Event: 4.501 Thread 0x0000017e23e8a100 nmethod 1106 0x0000017e17025f10 code [0x0000017e170260a0, 0x0000017e17026138]
Event: 4.505 Thread 0x0000017e23e8a100 1107   !   4       jdk.internal.misc.Blocker::begin (97 bytes)
Event: 4.507 Thread 0x0000017e23e8a100 nmethod 1107 0x0000017e17026210 code [0x0000017e170263a0, 0x0000017e17026468]

GC Heap History (6 events):
Event: 4.243 GC heap before
{Heap before GC invocations=0 (full 0):
 garbage-first heap   total 120832K, used 15360K [0x000000008b800000, 0x0000000100000000)
  region size 1024K, 17 young (17408K), 0 survivors (0K)
 Metaspace       used 9503K, committed 9856K, reserved 1114112K
  class space    used 975K, committed 1152K, reserved 1048576K
}
Event: 4.247 GC heap after
{Heap after GC invocations=1 (full 0):
 garbage-first heap   total 120832K, used 3304K [0x000000008b800000, 0x0000000100000000)
  region size 1024K, 3 young (3072K), 3 survivors (3072K)
 Metaspace       used 9503K, committed 9856K, reserved 1114112K
  class space    used 975K, committed 1152K, reserved 1048576K
}
Event: 4.438 GC heap before
{Heap before GC invocations=1 (full 0):
 garbage-first heap   total 120832K, used 115944K [0x000000008b800000, 0x0000000100000000)
  region size 1024K, 29 young (29696K), 3 survivors (3072K)
 Metaspace       used 9696K, committed 9984K, reserved 1114112K
  class space    used 989K, committed 1152K, reserved 1048576K
}
Event: 4.441 GC heap after
{Heap after GC invocations=2 (full 0):
 garbage-first heap   total 121856K, used 90915K [0x000000008b800000, 0x0000000100000000)
  region size 1024K, 1 young (1024K), 1 survivors (1024K)
 Metaspace       used 9696K, committed 9984K, reserved 1114112K
  class space    used 989K, committed 1152K, reserved 1048576K
}
Event: 4.564 GC heap before
{Heap before GC invocations=2 (full 0):
 garbage-first heap   total 121856K, used 110371K [0x000000008b800000, 0x0000000100000000)
  region size 1024K, 21 young (21504K), 1 survivors (1024K)
 Metaspace       used 9696K, committed 9984K, reserved 1114112K
  class space    used 989K, committed 1152K, reserved 1048576K
}
Event: 4.565 GC heap after
{Heap after GC invocations=3 (full 0):
 garbage-first heap   total 121856K, used 90482K [0x000000008b800000, 0x0000000100000000)
  region size 1024K, 1 young (1024K), 1 survivors (1024K)
 Metaspace       used 9696K, committed 9984K, reserved 1114112K
  class space    used 989K, committed 1152K, reserved 1048576K
}

Dll operation events (8 events):
Event: 0.012 Loaded shared library C:\Program Files\Eclipse Adoptium\jdk-21.0.6.7-hotspot\bin\java.dll
Event: 0.049 Loaded shared library C:\Program Files\Eclipse Adoptium\jdk-21.0.6.7-hotspot\bin\jsvml.dll
Event: 0.089 Loaded shared library C:\Program Files\Eclipse Adoptium\jdk-21.0.6.7-hotspot\bin\net.dll
Event: 0.093 Loaded shared library C:\Program Files\Eclipse Adoptium\jdk-21.0.6.7-hotspot\bin\nio.dll
Event: 0.151 Loaded shared library C:\Program Files\Eclipse Adoptium\jdk-21.0.6.7-hotspot\bin\jimage.dll
Event: 0.176 Loaded shared library C:\Program Files\Eclipse Adoptium\jdk-21.0.6.7-hotspot\bin\zip.dll
Event: 0.932 Loaded shared library C:\Program Files\Eclipse Adoptium\jdk-21.0.6.7-hotspot\bin\awt.dll
Event: 4.239 Loaded shared library C:\Program Files\Eclipse Adoptium\jdk-21.0.6.7-hotspot\bin\javajpeg.dll

Deoptimization events (20 events):
Event: 4.217 Thread 0x0000017e06cd9730 Uncommon trap: trap_request=0xffffffc6 fr.pc=0x0000017e1700737c relative=0x0000000000000c1c
Event: 4.217 Thread 0x0000017e06cd9730 Uncommon trap: reason=bimorphic_or_optimized_type_check action=maybe_recompile pc=0x0000017e1700737c method=java.util.HashMap.putVal(ILjava/lang/Object;Ljava/lang/Object;ZZ)Ljava/lang/Object; @ 56 c2
Event: 4.217 Thread 0x0000017e06cd9730 DEOPT PACKING pc=0x0000017e1700737c sp=0x00000048ec8feb60
Event: 4.217 Thread 0x0000017e06cd9730 DEOPT UNPACKING pc=0x0000017e16a746a2 sp=0x00000048ec8feae8 mode 2
Event: 4.217 Thread 0x0000017e06cd9730 Uncommon trap: trap_request=0xffffffc6 fr.pc=0x0000017e1700737c relative=0x0000000000000c1c
Event: 4.217 Thread 0x0000017e06cd9730 Uncommon trap: reason=bimorphic_or_optimized_type_check action=maybe_recompile pc=0x0000017e1700737c method=java.util.HashMap.putVal(ILjava/lang/Object;Ljava/lang/Object;ZZ)Ljava/lang/Object; @ 56 c2
Event: 4.217 Thread 0x0000017e06cd9730 DEOPT PACKING pc=0x0000017e1700737c sp=0x00000048ec8feb60
Event: 4.217 Thread 0x0000017e06cd9730 DEOPT UNPACKING pc=0x0000017e16a746a2 sp=0x00000048ec8feae8 mode 2
Event: 4.217 Thread 0x0000017e06cd9730 Uncommon trap: trap_request=0xffffffc6 fr.pc=0x0000017e1700737c relative=0x0000000000000c1c
Event: 4.217 Thread 0x0000017e06cd9730 Uncommon trap: reason=bimorphic_or_optimized_type_check action=maybe_recompile pc=0x0000017e1700737c method=java.util.HashMap.putVal(ILjava/lang/Object;Ljava/lang/Object;ZZ)Ljava/lang/Object; @ 56 c2
Event: 4.217 Thread 0x0000017e06cd9730 DEOPT PACKING pc=0x0000017e1700737c sp=0x00000048ec8feb60
Event: 4.217 Thread 0x0000017e06cd9730 DEOPT UNPACKING pc=0x0000017e16a746a2 sp=0x00000048ec8feae8 mode 2
Event: 4.217 Thread 0x0000017e06cd9730 Uncommon trap: trap_request=0xffffffc6 fr.pc=0x0000017e1700737c relative=0x0000000000000c1c
Event: 4.217 Thread 0x0000017e06cd9730 Uncommon trap: reason=bimorphic_or_optimized_type_check action=maybe_recompile pc=0x0000017e1700737c method=java.util.HashMap.putVal(ILjava/lang/Object;Ljava/lang/Object;ZZ)Ljava/lang/Object; @ 56 c2
Event: 4.217 Thread 0x0000017e06cd9730 DEOPT PACKING pc=0x0000017e1700737c sp=0x00000048ec8feb60
Event: 4.217 Thread 0x0000017e06cd9730 DEOPT UNPACKING pc=0x0000017e16a746a2 sp=0x00000048ec8feae8 mode 2
Event: 4.255 Thread 0x0000017e691a10b0 Uncommon trap: trap_request=0xffffff45 fr.pc=0x0000017e1701c838 relative=0x0000000000000098
Event: 4.255 Thread 0x0000017e691a10b0 Uncommon trap: reason=unstable_if action=reinterpret pc=0x0000017e1701c838 method=java.lang.ref.ReferenceQueue.headIsNull()Z @ 4 c2
Event: 4.255 Thread 0x0000017e691a10b0 DEOPT PACKING pc=0x0000017e1701c838 sp=0x00000048edafd920
Event: 4.255 Thread 0x0000017e691a10b0 DEOPT UNPACKING pc=0x0000017e16a746a2 sp=0x00000048edafd7e0 mode 2

Classes loaded (20 events):
Event: 4.251 Loading class java/security/spec/InvalidKeySpecException
Event: 4.251 Loading class java/security/spec/InvalidKeySpecException done
Event: 4.251 Loading class java/security/spec/KeySpec
Event: 4.251 Loading class java/security/spec/KeySpec done
Event: 4.260 Loading class java/awt/image/SinglePixelPackedSampleModel
Event: 4.261 Loading class java/awt/image/SampleModel
Event: 4.261 Loading class java/awt/image/SampleModel done
Event: 4.261 Loading class java/awt/image/SinglePixelPackedSampleModel done
Event: 4.261 Loading class sun/awt/image/IntegerInterleavedRaster
Event: 4.261 Loading class sun/awt/image/IntegerComponentRaster
Event: 4.261 Loading class sun/awt/image/IntegerComponentRaster done
Event: 4.261 Loading class sun/awt/image/IntegerInterleavedRaster done
Event: 4.262 Loading class java/awt/image/BufferedImage
Event: 4.262 Loading class java/awt/image/WritableRenderedImage
Event: 4.262 Loading class java/awt/image/RenderedImage
Event: 4.262 Loading class java/awt/image/RenderedImage done
Event: 4.262 Loading class java/awt/image/WritableRenderedImage done
Event: 4.262 Loading class java/awt/image/BufferedImage done
Event: 4.263 Loading class java/awt/image/BufferedImage$1
Event: 4.263 Loading class java/awt/image/BufferedImage$1 done

Classes unloaded (0 events):
No events

Classes redefined (0 events):
No events

Internal exceptions (20 events):
Event: 0.231 Thread 0x0000017e06cd9730 Exception <a 'sun/nio/fs/WindowsException'{0x0000000092936820}> (0x0000000092936820) 
thrown [s\src\hotspot\share\prims\jni.cpp, line 520]
Event: 0.246 Thread 0x0000017e06cd9730 Exception <a 'sun/nio/fs/WindowsException'{0x00000000929a03a8}> (0x00000000929a03a8) 
thrown [s\src\hotspot\share\prims\jni.cpp, line 520]
Event: 0.247 Thread 0x0000017e06cd9730 Exception <a 'sun/nio/fs/WindowsException'{0x00000000929a1958}> (0x00000000929a1958) 
thrown [s\src\hotspot\share\prims\jni.cpp, line 520]
Event: 0.256 Thread 0x0000017e06cd9730 Exception <a 'java/lang/NoSuchMethodError'{0x00000000929b34d8}: 'void java.lang.invoke.DirectMethodHandle$Holder.invokeSpecial(java.lang.Object, java.lang.Object, java.lang.Object)'> (0x00000000929b34d8) 
thrown [s\src\hotspot\share\interpreter\linkResolver.cpp, line 773]
Event: 0.258 Thread 0x0000017e06cd9730 Exception <a 'java/lang/NoSuchMethodError'{0x00000000929b95e0}: 'void java.lang.invoke.DirectMethodHandle$Holder.invokeStatic(java.lang.Object, java.lang.Object, java.lang.Object)'> (0x00000000929b95e0) 
thrown [s\src\hotspot\share\interpreter\linkResolver.cpp, line 773]
Event: 0.261 Thread 0x0000017e06cd9730 Exception <a 'java/lang/NoSuchMethodError'{0x00000000929c25e8}: 'java.lang.Object java.lang.invoke.DirectMethodHandle$Holder.invokeVirtual(java.lang.Object, java.lang.Object, java.lang.Object)'> (0x00000000929c25e8) 
thrown [s\src\hotspot\share\interpreter\linkResolver.cpp, line 773]
Event: 0.352 Thread 0x0000017e06cd9730 Exception <a 'sun/nio/fs/WindowsException'{0x000000009269cf18}> (0x000000009269cf18) 
thrown [s\src\hotspot\share\prims\jni.cpp, line 520]
Event: 0.365 Thread 0x0000017e06cd9730 Exception <a 'java/lang/ClassNotFoundException'{0x00000000926af808}: jdk/net/ExtendedSocketOptions> (0x00000000926af808) 
thrown [s\src\hotspot\share\classfile\systemDictionary.cpp, line 312]
Event: 0.924 Thread 0x0000017e06cd9730 Exception <a 'sun/nio/fs/WindowsException'{0x000000009207d198}> (0x000000009207d198) 
thrown [s\src\hotspot\share\prims\jni.cpp, line 520]
Event: 0.925 Thread 0x0000017e06cd9730 Exception <a 'java/lang/ClassNotFoundException'{0x000000009207ef00}: sun/awt/resources/spi/awtProvider> (0x000000009207ef00) 
thrown [s\src\hotspot\share\classfile\systemDictionary.cpp, line 312]
Event: 0.939 Thread 0x0000017e06cd9730 Exception <a 'java/io/FileNotFoundException'{0x00000000920b79e0}> (0x00000000920b79e0) 
thrown [s\src\hotspot\share\prims\jni.cpp, line 520]
Event: 0.944 Thread 0x0000017e06cd9730 Exception <a 'java/io/FileNotFoundException'{0x00000000920e2460}> (0x00000000920e2460) 
thrown [s\src\hotspot\share\prims\jni.cpp, line 520]
Event: 4.193 Thread 0x0000017e06cd9730 Exception <a 'java/lang/NoSuchMethodError'{0x0000000091e21238}: 'java.lang.Object java.lang.invoke.DirectMethodHandle$Holder.newInvokeSpecial(java.lang.Object, java.lang.Object, java.lang.Object, java.lang.Object, java.lang.Object)'> (0x0000000091e21238) 
thrown [s\src\hotspot\share\interpreter\linkResolver.cpp, line 773]
Event: 4.199 Thread 0x0000017e06cd9730 Exception <a 'java/lang/NoSuchMethodError'{0x0000000091e52200}: 'java.lang.Object java.lang.invoke.DirectMethodHandle$Holder.invokeStatic(java.lang.Object, int, java.lang.Object)'> (0x0000000091e52200) 
thrown [s\src\hotspot\share\interpreter\linkResolver.cpp, line 773]
Event: 4.216 Thread 0x0000017e06cd9730 Exception <a 'java/lang/ClassNotFoundException'{0x0000000091ef3cd0}: com/sun/swing/internal/plaf/metal/resources/spi/metalProvider> (0x0000000091ef3cd0) 
thrown [s\src\hotspot\share\classfile\systemDictionary.cpp, line 312]
Event: 4.218 Thread 0x0000017e06cd9730 Exception <a 'java/lang/ClassNotFoundException'{0x0000000091ef89d8}: com/sun/swing/internal/plaf/basic/resources/spi/basicProvider> (0x0000000091ef89d8) 
thrown [s\src\hotspot\share\classfile\systemDictionary.cpp, line 312]
Event: 4.229 Thread 0x0000017e06cd9730 Exception <a 'java/lang/NoSuchMethodError'{0x0000000091d17cd0}: 'int java.lang.invoke.Invokers$Holder.invokeExact_MT(java.lang.Object, java.lang.Object)'> (0x0000000091d17cd0) 
thrown [s\src\hotspot\share\interpreter\linkResolver.cpp, line 773]
Event: 4.240 Thread 0x0000017e82f78f20 Exception <a 'java/lang/NoSuchMethodError'{0x0000000091d81110}: 'java.lang.Object java.lang.invoke.DirectMethodHandle$Holder.newInvokeSpecial(java.lang.Object, java.lang.Object, java.lang.Object, int, int, int, int, int)'> (0x0000000091d81110) 
thrown [s\src\hotspot\share\interpreter\linkResolver.cpp, line 773]
Event: 4.252 Thread 0x0000017e691a10b0 Exception <a 'sun/nio/fs/WindowsException'{0x0000000092d788d0}> (0x0000000092d788d0) 
thrown [s\src\hotspot\share\prims\jni.cpp, line 520]
Event: 4.256 Thread 0x0000017e691a10b0 Exception <a 'java/lang/NoSuchMethodError'{0x0000000092d7fc38}: 'void java.lang.invoke.DirectMethodHandle$Holder.invokeStaticInit(java.lang.Object, java.lang.Object)'> (0x0000000092d7fc38) 
thrown [s\src\hotspot\share\interpreter\linkResolver.cpp, line 773]

ZGC Phase Switch (0 events):
No events

VM Operations (15 events):
Event: 0.198 Executing VM operation: HandshakeAllThreads (Deoptimize)
Event: 0.198 Executing VM operation: HandshakeAllThreads (Deoptimize) done
Event: 0.249 Executing VM operation: HandshakeAllThreads (Deoptimize)
Event: 0.249 Executing VM operation: HandshakeAllThreads (Deoptimize) done
Event: 0.938 Executing VM operation: HandshakeAllThreads (Deoptimize)
Event: 0.938 Executing VM operation: HandshakeAllThreads (Deoptimize) done
Event: 1.944 Executing VM operation: Cleanup
Event: 1.944 Executing VM operation: Cleanup done
Event: 4.243 Executing VM operation: G1TryInitiateConcMark (G1 Humongous Allocation)
Event: 4.247 Executing VM operation: G1TryInitiateConcMark (G1 Humongous Allocation) done
Event: 4.438 Executing VM operation: G1CollectForAllocation (G1 Evacuation Pause)
Event: 4.441 Executing VM operation: G1CollectForAllocation (G1 Evacuation Pause) done
Event: 4.564 Executing VM operation: G1CollectForAllocation (G1 Evacuation Pause)
Event: 4.565 Executing VM operation: G1CollectForAllocation (G1 Evacuation Pause) done
Event: 4.568 Executing VM operation: G1PauseRemark

Memory protections (0 events):
No events

Nmethod flushes (0 events):
No events

Events (18 events):
Event: 0.028 Thread 0x0000017e06cd9730 Thread added: 0x0000017e06cd9730
Event: 0.046 Thread 0x0000017e06cd9730 Thread added: 0x0000017e23e6d090
Event: 0.046 Thread 0x0000017e06cd9730 Thread added: 0x0000017e23e6dae0
Event: 0.046 Thread 0x0000017e06cd9730 Thread added: 0x0000017e23e6fef0
Event: 0.046 Thread 0x0000017e06cd9730 Thread added: 0x0000017e23e70940
Event: 0.046 Thread 0x0000017e06cd9730 Thread added: 0x0000017e23e71b30
Event: 0.046 Thread 0x0000017e06cd9730 Thread added: 0x0000017e23e78490
Event: 0.046 Thread 0x0000017e06cd9730 Thread added: 0x0000017e23e8a100
Event: 0.047 Thread 0x0000017e06cd9730 Thread added: 0x0000017e23e8b460
Event: 0.078 Thread 0x0000017e06cd9730 Thread added: 0x0000017e690cae50
Event: 0.145 Thread 0x0000017e06cd9730 Thread added: 0x0000017e691760a0
Event: 0.192 Thread 0x0000017e06cd9730 Thread added: 0x0000017e691a10b0
Event: 0.245 Thread 0x0000017e23e8b460 Thread added: 0x0000017e69330f30
Event: 0.794 Thread 0x0000017e69330f30 Thread exited: 0x0000017e69330f30
Event: 0.981 Thread 0x0000017e06cd9730 Thread added: 0x0000017e697a37d0
Event: 0.982 Thread 0x0000017e06cd9730 Thread added: 0x0000017e697a7100
Event: 0.983 Thread 0x0000017e06cd9730 Thread added: 0x0000017e697aa220
Event: 4.234 Thread 0x0000017e06cd9730 Thread added: 0x0000017e82f78f20


Dynamic libraries:
0x00007ff64ad50000 - 0x00007ff64ad5e000 	C:\Program Files\Eclipse Adoptium\jdk-21.0.6.7-hotspot\bin\javaw.exe
0x00007fffacf40000 - 0x00007fffad1a6000 	C:\WINDOWS\SYSTEM32\ntdll.dll
0x00007fffabe60000 - 0x00007fffabf29000 	C:\WINDOWS\System32\KERNEL32.DLL
0x00007fffaa740000 - 0x00007fffaab0c000 	C:\WINDOWS\System32\KERNELBASE.dll
0x00007fffaa530000 - 0x00007fffaa67b000 	C:\WINDOWS\System32\ucrtbase.dll
0x00007fff8cc60000 - 0x00007fff8cc78000 	C:\Program Files\Eclipse Adoptium\jdk-21.0.6.7-hotspot\bin\jli.dll
0x00007fff8c340000 - 0x00007fff8c35e000 	C:\Program Files\Eclipse Adoptium\jdk-21.0.6.7-hotspot\bin\VCRUNTIME140.dll
0x00007fffab7a0000 - 0x00007fffab96a000 	C:\WINDOWS\System32\USER32.dll
0x00007fff95150000 - 0x00007fff953ea000 	C:\WINDOWS\WinSxS\amd64_microsoft.windows.common-controls_6595b64144ccf1df_6.0.26100.3912_none_3e07963ce335137e\COMCTL32.dll
0x00007fffaa170000 - 0x00007fffaa197000 	C:\WINDOWS\System32\win32u.dll
0x00007fffab550000 - 0x00007fffab5f9000 	C:\WINDOWS\System32\msvcrt.dll
0x00007fffaca60000 - 0x00007fffaca8b000 	C:\WINDOWS\System32\GDI32.dll
0x00007fffaab10000 - 0x00007fffaac42000 	C:\WINDOWS\System32\gdi32full.dll
0x00007fffaac50000 - 0x00007fffaacf3000 	C:\WINDOWS\System32\msvcp_win.dll
0x00007fffac050000 - 0x00007fffac080000 	C:\WINDOWS\System32\IMM32.DLL
0x00007fff9a510000 - 0x00007fff9a51c000 	C:\Program Files\Eclipse Adoptium\jdk-21.0.6.7-hotspot\bin\vcruntime140_1.dll
0x00007fff847e0000 - 0x00007fff8486d000 	C:\Program Files\Eclipse Adoptium\jdk-21.0.6.7-hotspot\bin\msvcp140.dll
0x00007fff3f250000 - 0x00007fff3ffe0000 	C:\Program Files\Eclipse Adoptium\jdk-21.0.6.7-hotspot\bin\server\jvm.dll
0x00007fffab190000 - 0x00007fffab242000 	C:\WINDOWS\System32\ADVAPI32.dll
0x00007fffab250000 - 0x00007fffab2f6000 	C:\WINDOWS\System32\sechost.dll
0x00007fffac890000 - 0x00007fffac9a6000 	C:\WINDOWS\System32\RPCRT4.dll
0x00007fffac0e0000 - 0x00007fffac154000 	C:\WINDOWS\System32\WS2_32.dll
0x00007fffa9f20000 - 0x00007fffa9f7e000 	C:\WINDOWS\SYSTEM32\POWRPROF.dll
0x00007fff9e3a0000 - 0x00007fff9e3d6000 	C:\WINDOWS\SYSTEM32\WINMM.dll
0x00007fff9d090000 - 0x00007fff9d09b000 	C:\WINDOWS\SYSTEM32\VERSION.dll
0x00007fffa9f00000 - 0x00007fffa9f14000 	C:\WINDOWS\SYSTEM32\UMPDC.dll
0x00007fffa8e50000 - 0x00007fffa8e6a000 	C:\WINDOWS\SYSTEM32\kernel.appcore.dll
0x00007fff9a210000 - 0x00007fff9a21a000 	C:\Program Files\Eclipse Adoptium\jdk-21.0.6.7-hotspot\bin\jimage.dll
0x00007fff9bfb0000 - 0x00007fff9c1f1000 	C:\WINDOWS\SYSTEM32\DBGHELP.DLL
0x00007fffaca90000 - 0x00007ffface14000 	C:\WINDOWS\System32\combase.dll
0x00007fffabf40000 - 0x00007fffac020000 	C:\WINDOWS\System32\OLEAUT32.dll
0x00007fff92be0000 - 0x00007fff92c19000 	C:\WINDOWS\SYSTEM32\dbgcore.DLL
0x00007fffaa0d0000 - 0x00007fffaa169000 	C:\WINDOWS\System32\bcryptPrimitives.dll
0x00007fff8b0c0000 - 0x00007fff8b0df000 	C:\Program Files\Eclipse Adoptium\jdk-21.0.6.7-hotspot\bin\java.dll
0x00007fffac160000 - 0x00007fffac88d000 	C:\WINDOWS\System32\SHELL32.dll
0x00007fffaa230000 - 0x00007fffaa3a4000 	C:\WINDOWS\System32\wintypes.dll
0x00007fffa7d00000 - 0x00007fffa8556000 	C:\WINDOWS\SYSTEM32\windows.storage.dll
0x00007fffab6a0000 - 0x00007fffab78f000 	C:\WINDOWS\System32\SHCORE.dll
0x00007fffab300000 - 0x00007fffab369000 	C:\WINDOWS\System32\shlwapi.dll
0x00007fffa9fe0000 - 0x00007fffaa00f000 	C:\WINDOWS\SYSTEM32\profapi.dll
0x00007fff70cf0000 - 0x00007fff70dc7000 	C:\Program Files\Eclipse Adoptium\jdk-21.0.6.7-hotspot\bin\jsvml.dll
0x00007fff8f5d0000 - 0x00007fff8f5e0000 	C:\Program Files\Eclipse Adoptium\jdk-21.0.6.7-hotspot\bin\net.dll
0x00007fffa4290000 - 0x00007fffa43ae000 	C:\WINDOWS\SYSTEM32\WINHTTP.dll
0x00007fffa93a0000 - 0x00007fffa940a000 	C:\WINDOWS\system32\mswsock.dll
0x00007fff89b60000 - 0x00007fff89b76000 	C:\Program Files\Eclipse Adoptium\jdk-21.0.6.7-hotspot\bin\nio.dll
0x00007fff85af0000 - 0x00007fff85b08000 	C:\Program Files\Eclipse Adoptium\jdk-21.0.6.7-hotspot\bin\zip.dll
0x00007fffa88b0000 - 0x00007fffa89d7000 	C:\WINDOWS\SYSTEM32\DNSAPI.dll
0x00007fffa8870000 - 0x00007fffa88a3000 	C:\WINDOWS\SYSTEM32\IPHLPAPI.DLL
0x00007fffab970000 - 0x00007fffab97a000 	C:\WINDOWS\System32\NSI.dll
0x00007fff9e2f0000 - 0x00007fff9e2fb000 	C:\Windows\System32\rasadhlp.dll
0x00007fffa4720000 - 0x00007fffa47a6000 	C:\WINDOWS\System32\fwpuclnt.dll
0x00007fff70760000 - 0x00007fff708ee000 	C:\Program Files\Eclipse Adoptium\jdk-21.0.6.7-hotspot\bin\awt.dll
0x00007fffa6fd0000 - 0x00007fffa706e000 	C:\WINDOWS\SYSTEM32\apphelp.dll
0x00007fffa75a0000 - 0x00007fffa75d6000 	C:\WINDOWS\system32\DWMAPI.DLL
0x00007fffa7260000 - 0x00007fffa730f000 	C:\WINDOWS\system32\uxtheme.dll
0x00007fff7af50000 - 0x00007fff7b05c000 	C:\WINDOWS\system32\opengl32.dll
0x00007fff85030000 - 0x00007fff8505d000 	C:\WINDOWS\SYSTEM32\GLU32.dll
0x00007fffa7620000 - 0x00007fffa7667000 	C:\WINDOWS\SYSTEM32\dxcore.dll
0x00007fffabb40000 - 0x00007fffabc9f000 	C:\WINDOWS\System32\MSCTF.dll
0x00007fffabcb0000 - 0x00007fffabe4f000 	C:\WINDOWS\System32\ole32.dll
0x00007fff79590000 - 0x00007fff79745000 	C:\WINDOWS\system32\d3d9.dll
0x00007fff89270000 - 0x00007fff89290000 	C:\WINDOWS\System32\DriverStore\FileRepository\u0410212.inf_amd64_daae2c8b5eb35aaa\B409877\atidx9loader64.dll
0x00007ffef6fb0000 - 0x00007ffefa95e000 	C:\WINDOWS\System32\DriverStore\FileRepository\u0410212.inf_amd64_daae2c8b5eb35aaa\B409877\AMDXN64.DLL
0x00007fffaad00000 - 0x00007fffab186000 	C:\WINDOWS\System32\SETUPAPI.dll
0x00007fffa7440000 - 0x00007fffa7573000 	C:\WINDOWS\SYSTEM32\dxgi.dll
0x00007fffa73b0000 - 0x00007fffa7410000 	C:\WINDOWS\SYSTEM32\directxdatabasehelper.dll
0x00007fffa9c20000 - 0x00007fffa9c77000 	C:\WINDOWS\SYSTEM32\cfgmgr32.dll
0x00007fffa9fb0000 - 0x00007fffa9fd6000 	C:\WINDOWS\SYSTEM32\BCrypt.dll
0x00007fff9de90000 - 0x00007fff9dec9000 	C:\WINDOWS\System32\DriverStore\FileRepository\u0410212.inf_amd64_daae2c8b5eb35aaa\B409877\amdihk64.dll
0x00007fff85ac0000 - 0x00007fff85aee000 	C:\Program Files\Eclipse Adoptium\jdk-21.0.6.7-hotspot\bin\javajpeg.dll

dbghelp: loaded successfully - version: 4.0.5 - missing functions: none
symbol engine: initialized successfully - sym options: 0x614 - pdb path: .;C:\Program Files\Eclipse Adoptium\jdk-21.0.6.7-hotspot\bin;C:\WINDOWS\SYSTEM32;C:\WINDOWS\WinSxS\amd64_microsoft.windows.common-controls_6595b64144ccf1df_6.0.26100.3912_none_3e07963ce335137e;C:\Program Files\Eclipse Adoptium\jdk-21.0.6.7-hotspot\bin\server;C:\WINDOWS\System32\DriverStore\FileRepository\u0410212.inf_amd64_daae2c8b5eb35aaa\B409877

VM Arguments:
jvm_args: -Dfile.encoding=UTF-8 -Dstdout.encoding=UTF-8 -Dstderr.encoding=UTF-8 --module-path=C:\Users\pege1\Documents\GitHub\gamejava\HarryPotterRPG\bin -XX:+ShowCodeDetailsInExceptionMessages -Djdk.module.main=HarryPotterRPG 
java_command: HarryPotterRPG/controle.Game
java_class_path (initial): C:\MySQL\mysql-connector-j-9.3.0\mysql-connector-j-9.3.0\mysql-connector-j-9.3.0.jar
Launcher Type: SUN_STANDARD

[Global flags]
     intx CICompilerCount                          = 4                                         {product} {ergonomic}
     uint ConcGCThreads                            = 2                                         {product} {ergonomic}
     uint G1ConcRefinementThreads                  = 8                                         {product} {ergonomic}
   size_t G1HeapRegionSize                         = 1048576                                   {product} {ergonomic}
    uintx GCDrainStackTargetSize                   = 64                                        {product} {ergonomic}
   size_t InitialHeapSize                          = 123731968                                 {product} {ergonomic}
   size_t MarkStackSize                            = 4194304                                   {product} {ergonomic}
   size_t MaxHeapSize                              = 1954545664                                {product} {ergonomic}
   size_t MaxNewSize                               = 1172307968                                {product} {ergonomic}
   size_t MinHeapDeltaBytes                        = 1048576                                   {product} {ergonomic}
   size_t MinHeapSize                              = 8388608                                   {product} {ergonomic}
    uintx NonNMethodCodeHeapSize                   = 5839372                                {pd product} {ergonomic}
    uintx NonProfiledCodeHeapSize                  = 122909434                              {pd product} {ergonomic}
    uintx ProfiledCodeHeapSize                     = 122909434                              {pd product} {ergonomic}
    uintx ReservedCodeCacheSize                    = 251658240                              {pd product} {ergonomic}
     bool SegmentedCodeCache                       = true                                      {product} {ergonomic}
     bool ShowCodeDetailsInExceptionMessages       = true                                   {manageable} {command line}
   size_t SoftMaxHeapSize                          = 1954545664                             {manageable} {ergonomic}
     bool UseCompressedOops                        = true                           {product lp64_product} {ergonomic}
     bool UseG1GC                                  = true                                      {product} {ergonomic}
     bool UseLargePagesIndividualAllocation        = false                                  {pd product} {ergonomic}

Logging:
Log output configuration:
 #0: stdout all=warning uptime,level,tags foldmultilines=false
 #1: stderr all=off uptime,level,tags foldmultilines=false

Environment Variables:
PATH=C:/Users/pege1/.p2/pool/plugins/org.eclipse.justj.openjdk.hotspot.jre.full.win32.x86_64_21.0.7.v20250502-0916/jre/bin/server;C:/Users/pege1/.p2/pool/plugins/org.eclipse.justj.openjdk.hotspot.jre.full.win32.x86_64_21.0.7.v20250502-0916/jre/bin;C:\Program Files\Common Files\Oracle\Java\javapath;C:\Program Files (x86)\EasyPHP-DevServer-14.1VC11\binaries\php\php_runningversion;C:\Program Files\Eclipse Adoptium\jdk-21.0.6.7-hotspot\bin;C:\Program Files (x86)\Common Files\Oracle\Java\javapath;C:\WINDOWS\system32;C:\WINDOWS;C:\WINDOWS\System32\Wbem;C:\WINDOWS\System32\WindowsPowerShell\v1.0\;C:\WINDOWS\System32\OpenSSH\;C:\MinGW\bin;C:\Program Files\Git\cmd;C:\Users\pege1\AppData\Local\Packages\PythonSoftwareFoundation.Python.3.11_qbz5n2kfra8p0\LocalCache\local-packages\Python311\Scripts;C:\Program Files\dotnet\;C:\Users\pege1\AppData\Local\Programs\Python\Launcher\;C:\Users\pege1\AppData\Local\Microsoft\WindowsApps;C:\Users\pege1\AppData\Local\Programs\Microsoft VS Code\bin;C:\Users\pege1\AppData\Local\GitHubDesktop\bin;C:\Users\pege1\.dotnet\tools;C:\Users\pege1\Desktop;
USERNAME=pege1
OS=Windows_NT
PROCESSOR_IDENTIFIER=AMD64 Family 23 Model 160 Stepping 0, AuthenticAMD
TMP=C:\Users\pege1\AppData\Local\Temp
TEMP=C:\Users\pege1\AppData\Local\Temp




Periodic native trim disabled

---------------  S Y S T E M  ---------------

OS:
 Windows 11 , 64 bit Build 26100 (10.0.26100.3912)
OS uptime: 25 days 4:00 hours
Hyper-V role detected

CPU: total 8 (initial active 8) (8 cores per cpu, 2 threads per core) family 23 model 160 stepping 0 microcode 0x8a00006, cx8, cmov, fxsr, ht, mmx, 3dnowpref, sse, sse2, sse3, ssse3, sse4a, sse4.1, sse4.2, popcnt, lzcnt, tsc, tscinvbit, avx, avx2, aes, clmul, bmi1, bmi2, adx, sha, fma, vzeroupper, clflush, clflushopt, hv, rdtscp, rdpid, f16c
Processor Information for processor 0
  Max Mhz: 2801, Current Mhz: 2246, Mhz Limit: 2801
Processor Information for processor 1
  Max Mhz: 2801, Current Mhz: 2246, Mhz Limit: 2801
Processor Information for processor 2
  Max Mhz: 2801, Current Mhz: 2246, Mhz Limit: 2801
Processor Information for processor 3
  Max Mhz: 2801, Current Mhz: 2246, Mhz Limit: 2801
Processor Information for processor 4
  Max Mhz: 2801, Current Mhz: 2246, Mhz Limit: 2801
Processor Information for processor 5
  Max Mhz: 2801, Current Mhz: 2801, Mhz Limit: 2801
Processor Information for processor 6
  Max Mhz: 2801, Current Mhz: 2801, Mhz Limit: 2801
Processor Information for processor 7
  Max Mhz: 2801, Current Mhz: 2246, Mhz Limit: 2801

Memory: 4k page, system-wide physical 7455M (624M free)
TotalPageFile size 29983M (AvailPageFile size 15M)
current process WorkingSet (physical memory assigned to process): 254M, peak: 256M
current process commit charge ("private bytes"): 292M, peak: 326M

vm_info: OpenJDK 64-Bit Server VM (21.0.6+7-LTS) for windows-amd64 JRE (21.0.6+7-LTS), built on 2025-01-21T00:00:00Z by "admin" with MS VC++ 17.7 (VS2022)

END.
