#
# A fatal error has been detected by the Java Runtime Environment:
#
#  EXCEPTION_ACCESS_VIOLATION (0xc0000005) at pc=0x00007ffef72f34d6, pid=10804, tid=28904
#
# JRE version: OpenJDK Runtime Environment Temurin-21.0.6+7 (21.0.6+7) (build 21.0.6+7-LTS)
# Java VM: OpenJDK 64-Bit Server VM Temurin-21.0.6+7 (21.0.6+7-LTS, mixed mode, sharing, tiered, compressed oops, compressed class ptrs, g1 gc, windows-amd64)
# Problematic frame:
# C  [AMDXN64.DLL+0x3434d6]
#
# No core dump will be written. Minidumps are not enabled by default on client versions of Windows
#
# If you would like to submit a bug report, please visit:
#   https://github.com/adoptium/adoptium-support/issues
# The crash happened outside the Java Virtual Machine in native code.
# See problematic frame for where to report the bug.
#

---------------  S U M M A R Y ------------

Command Line: -Dfile.encoding=UTF-8 -Dstdout.encoding=UTF-8 -Dstderr.encoding=UTF-8 --module-path=C:\Users\pege1\Documents\GitHub\gamejava\HarryPotterRPG\bin -XX:+ShowCodeDetailsInExceptionMessages -Djdk.module.main=HarryPotterRPG HarryPotterRPG/controle.Game

Host: AMD Ryzen 5 7520U with Radeon Graphics         , 8 cores, 7G,  Windows 11 , 64 bit Build 26100 (10.0.26100.3912)
Time: Fri Jun 13 20:14:12 2025 Hora oficial do Brasil elapsed time: 3.135022 seconds (0d 0h 0m 3s)

---------------  T H R E A D  ---------------

Current thread (0x00000285912353c0):  JavaThread "AWT-Windows" daemon [_thread_in_native, id=28904, stack(0x000000d1a8d00000,0x000000d1a8e00000) (1024K)]

Stack: [0x000000d1a8d00000,0x000000d1a8e00000],  sp=0x000000d1a8dfa100,  free space=1000k
Native frames: (J=compiled Java code, j=interpreted, Vv=VM code, C=native code)
C  [AMDXN64.DLL+0x3434d6]

Java frames: (J=compiled Java code, j=interpreted, Vv=VM code)
j  sun.java2d.d3d.D3DGraphicsDevice.getDeviceCapsNative(I)I+0 java.desktop@21.0.6
j  sun.java2d.d3d.D3DGraphicsDevice$1.run()V+8 java.desktop@21.0.6
v  ~StubRoutines::call_stub 0x000002853eb4100d
j  sun.awt.windows.WToolkit.eventLoop()V+0 java.desktop@21.0.6
j  sun.awt.windows.WToolkit.run()V+50 java.desktop@21.0.6
j  java.lang.Thread.runWith(Ljava/lang/Object;Ljava/lang/Runnable;)V+5 java.base@21.0.6
j  java.lang.Thread.run()V+19 java.base@21.0.6
v  ~StubRoutines::call_stub 0x000002853eb4100d

siginfo: EXCEPTION_ACCESS_VIOLATION (0xc0000005), reading address 0x0000000000000078


Registers:
RAX=0x000002859177b4c0, RBX=0x000002859177afc0, RCX=0x0000000000000000, RDX=0x0000000000000000
RSP=0x000000d1a8dfa100, RBP=0x0000000000000000, RSI=0x0000000000000000, RDI=0x0000000000000000
R8 =0x0000000000000096, R9 =0x00000000000002f8, R10=0x0000000000000061, R11=0x00000000c000012d
R12=0x0000000000008c6b, R13=0x0000000000000001, R14=0x0000000000008c8b, R15=0x000000d1a8dfa2d0
RIP=0x00007ffef72f34d6, EFLAGS=0x0000000000010206

XMM[0]=0x0000000000000000 0x0000000000000000
XMM[1]=0x0000000000000000 0x0000000000000000
XMM[2]=0x0000000000000000 0x0000000000000000
XMM[3]=0x0000000000000000 0x0000000000000000
XMM[4]=0x0000000000000000 0x0000000000000000
XMM[5]=0x0000000000000000 0x0000000000000000
XMM[6]=0x0000000000000000 0x0000000000000000
XMM[7]=0x0000000000000000 0x0000000000000000
XMM[8]=0x0000000000000000 0x0000000000000000
XMM[9]=0x0000000000000000 0x0000000000000000
XMM[10]=0x0000000000000000 0x0000000000000000
XMM[11]=0x0000000000000000 0x0000000000000000
XMM[12]=0x0000000000000000 0x0000000000000000
XMM[13]=0x0000000000000000 0x0000000000000000
XMM[14]=0x0000000000000000 0x0000000000000000
XMM[15]=0x0000000000000000 0x0000000000000000
  MXCSR=0x00001fa0


Register to memory mapping:

RAX=0x000002859177b4c0 points into unknown readable memory: 0x0000000000000000 | 00 00 00 00 00 00 00 00
RBX=0x000002859177afc0 points into unknown readable memory: 0x00007ffefa28a100 | 00 a1 28 fa fe 7f 00 00
RCX=0x0 is null
RDX=0x0 is null
RSP=0x000000d1a8dfa100 is pointing into the stack for thread: 0x00000285912353c0
RBP=0x0 is null
RSI=0x0 is null
RDI=0x0 is null
R8 =0x0000000000000096 is an unknown value
R9 =0x00000000000002f8 is an unknown value
R10=0x0000000000000061 is an unknown value
R11=0x00000000c000012d is an unallocated location in the heap
R12=0x0000000000008c6b is an unknown value
R13=0x0000000000000001 is an unknown value
R14=0x0000000000008c8b is an unknown value
R15=0x000000d1a8dfa2d0 is pointing into the stack for thread: 0x00000285912353c0

Top of Stack: (sp=0x000000d1a8dfa100)
0x000000d1a8dfa100:   0000028597bf1000 00000000001ff000
0x000000d1a8dfa110:   0000000000000000 0000000000000000
0x000000d1a8dfa120:   000002859177afc0 00007ffef72f4eb2
0x000000d1a8dfa130:   000002859177afc0 0000000000000000
0x000000d1a8dfa140:   0000000000000000 0000000000000000
0x000000d1a8dfa150:   0000000000000000 0000000000000000
0x000000d1a8dfa160:   0000000000200000 0000000000000008
0x000000d1a8dfa170:   8000000100000000 0000000000000000
0x000000d1a8dfa180:   0000000000000020 00007ffef72f48c1
0x000000d1a8dfa190:   0000000000000000 0000000000008c6b
0x000000d1a8dfa1a0:   000002859177afc0 0000000000008c8b
0x000000d1a8dfa1b0:   0000000000000000 0000000000200000
0x000000d1a8dfa1c0:   0000000000000020 0000000000008c6b
0x000000d1a8dfa1d0:   000002859177afc0 00007ffef72f44e7
0x000000d1a8dfa1e0:   000000d1a8dfa2d0 0000000000000020
0x000000d1a8dfa1f0:   000000d1a8dfa880 0000000000000000
0x000000d1a8dfa200:   0000000000000001 0000000000000001
0x000000d1a8dfa210:   0000000000000000 00007fffaa7e4edf
0x000000d1a8dfa220:   0000000000000000 00007fffaa7e9fc9
0x000000d1a8dfa230:   0000000000000000 0000000000000000
0x000000d1a8dfa240:   0000000000000005 00007fffacfc6341
0x000000d1a8dfa250:   0000000000000000 0000000000000018
0x000000d1a8dfa260:   0000000000009000 0000000000008c8b
0x000000d1a8dfa270:   0000000000000001 00003933c37430c3
0x000000d1a8dfa280:   0000000000000001 00007ffef72f4104
0x000000d1a8dfa290:   000002859177afc0 000000d1a8dfa309
0x000000d1a8dfa2a0:   0000000000008c6b 00000000b8bbbdff
0x000000d1a8dfa2b0:   0002625a00000001 001d1f9f00001000
0x000000d1a8dfa2c0:   0021e33f00002000 00007fffaa7f2ae4
0x000000d1a8dfa2d0:   0000000000000000 0000000000000000
0x000000d1a8dfa2e0:   0000000000000000 0000000000000000
0x000000d1a8dfa2f0:   0000393300001000 00007fff00000004 

Instructions: (pc=0x00007ffef72f34d6)
0x00007ffef72f33d6:   cc cc cc cc cc cc cc cc cc cc 48 8d 05 d1 6c f9
0x00007ffef72f33e6:   02 48 89 01 c3 cc cc cc cc cc 40 53 48 83 ec 20
0x00007ffef72f33f6:   48 8d 05 bb 6c f9 02 48 8b d9 48 89 01 f6 c2 01
0x00007ffef72f3406:   74 0a ba 08 00 00 00 e8 4a 3b 89 00 48 8b c3 48
0x00007ffef72f3416:   83 c4 20 5b c3 cc cc cc cc cc 40 53 48 83 ec 20
0x00007ffef72f3426:   48 8b d9 48 8b 41 08 48 85 c0 74 1d 48 8b 11 48
0x00007ffef72f3436:   85 d2 74 15 48 8b 08 ff 50 10 33 c0 48 89 03 48
0x00007ffef72f3446:   89 43 08 48 83 c4 20 5b c3 33 c0 48 89 41 08 48
0x00007ffef72f3456:   89 01 48 83 c4 20 5b c3 cc cc 0f b6 81 28 04 00
0x00007ffef72f3466:   00 c3 cc cc cc cc cc cc cc cc 48 8b 01 33 d2 48
0x00007ffef72f3476:   ff 60 40 cc cc cc cc cc cc cc 48 89 5c 24 08 57
0x00007ffef72f3486:   48 83 ec 20 33 ff 48 8b d9 48 89 39 48 89 79 08
0x00007ffef72f3496:   48 89 79 10 48 83 c1 18 e8 cd 1a 00 00 48 8b c3
0x00007ffef72f34a6:   48 89 9b 80 00 00 00 48 89 bb 88 00 00 00 48 89
0x00007ffef72f34b6:   bb 90 00 00 00 48 8b 5c 24 30 48 83 c4 20 5f c3
0x00007ffef72f34c6:   cc cc cc cc cc cc cc cc cc cc 40 53 48 83 ec 20
0x00007ffef72f34d6:   80 79 78 00 48 8b d9 74 59 48 8d 51 30 48 89 7c
0x00007ffef72f34e6:   24 38 48 8b 49 18 ff 15 de 3f b2 00 83 f8 01 74
0x00007ffef72f34f6:   1e ff 15 d3 3e b2 00 3d 90 04 00 00 75 11 ff 15
0x00007ffef72f3506:   c6 3e b2 00 48 8b 7c 24 38 48 83 c4 20 5b c3 48
0x00007ffef72f3516:   8b 4b 18 4c 8d 44 24 30 33 c0 48 8d 53 30 48 89
0x00007ffef72f3526:   44 24 30 44 8d 48 01 ff 15 ad 3f b2 00 48 8b 7c
0x00007ffef72f3536:   24 38 48 83 c4 20 5b c3 cc cc 48 89 5c 24 08 48
0x00007ffef72f3546:   89 74 24 18 57 48 83 ec 40 49 8b f9 c7 44 24 58
0x00007ffef72f3556:   00 00 00 00 49 8b f0 48 89 54 24 30 45 33 c9 4c
0x00007ffef72f3566:   8d 44 24 34 48 8b d9 ff 15 15 3c b2 00 4c 8d 4c
0x00007ffef72f3576:   24 58 48 c7 44 24 20 00 00 00 00 44 8b c7 48 8b
0x00007ffef72f3586:   d6 48 8b cb ff 15 90 3b b2 00 83 f8 01 75 12 33
0x00007ffef72f3596:   c0 48 8b 5c 24 50 48 8b 74 24 60 48 83 c4 40 5f
0x00007ffef72f35a6:   c3 ff 15 23 3e b2 00 48 8b 5c 24 50 b8 ff ff ff
0x00007ffef72f35b6:   ff 48 8b 74 24 60 48 83 c4 40 5f c3 cc cc cc cc
0x00007ffef72f35c6:   cc cc cc cc cc cc cc cc cc cc 48 89 5c 24 08 48 


Stack slot to memory mapping:

stack at sp + 0 slots: 0x0000028597bf1000 is an unknown value
stack at sp + 1 slots: 0x00000000001ff000 is an unknown value
stack at sp + 2 slots: 0x0 is null
stack at sp + 3 slots: 0x0 is null
stack at sp + 4 slots: 0x000002859177afc0 points into unknown readable memory: 0x00007ffefa28a100 | 00 a1 28 fa fe 7f 00 00
stack at sp + 5 slots: 0x00007ffef72f4eb2 AMDXN64.DLL
stack at sp + 6 slots: 0x000002859177afc0 points into unknown readable memory: 0x00007ffefa28a100 | 00 a1 28 fa fe 7f 00 00
stack at sp + 7 slots: 0x0 is null


---------------  P R O C E S S  ---------------

Threads class SMR info:
_java_thread_list=0x0000028591590b00, length=15, elements={
0x000002852ef290e0, 0x000002854b7d8840, 0x000002854b7db6a0, 0x000002854b7e0be0,
0x000002854b7e1760, 0x000002854b7e4b70, 0x000002854b7e68d0, 0x000002854b7e9970,
0x000002854b7efee0, 0x000002854b8debf0, 0x000002854b9bd870, 0x000002854b9c2f00,
0x0000028591234210, 0x0000028591234870, 0x00000285912353c0
}

Java Threads: ( => current thread )
  0x000002852ef290e0 JavaThread "main"                              [_thread_in_native, id=26168, stack(0x000000d1a7800000,0x000000d1a7900000) (1024K)]
  0x000002854b7d8840 JavaThread "Reference Handler"          daemon [_thread_blocked, id=29528, stack(0x000000d1a8000000,0x000000d1a8100000) (1024K)]
  0x000002854b7db6a0 JavaThread "Finalizer"                  daemon [_thread_blocked, id=14756, stack(0x000000d1a8100000,0x000000d1a8200000) (1024K)]
  0x000002854b7e0be0 JavaThread "Signal Dispatcher"          daemon [_thread_blocked, id=3760, stack(0x000000d1a8200000,0x000000d1a8300000) (1024K)]
  0x000002854b7e1760 JavaThread "Attach Listener"            daemon [_thread_blocked, id=3252, stack(0x000000d1a8300000,0x000000d1a8400000) (1024K)]
  0x000002854b7e4b70 JavaThread "Service Thread"             daemon [_thread_blocked, id=21404, stack(0x000000d1a8400000,0x000000d1a8500000) (1024K)]
  0x000002854b7e68d0 JavaThread "Monitor Deflation Thread"   daemon [_thread_blocked, id=12604, stack(0x000000d1a8500000,0x000000d1a8600000) (1024K)]
  0x000002854b7e9970 JavaThread "C2 CompilerThread0"         daemon [_thread_blocked, id=20248, stack(0x000000d1a8600000,0x000000d1a8700000) (1024K)]
  0x000002854b7efee0 JavaThread "C1 CompilerThread0"         daemon [_thread_blocked, id=5096, stack(0x000000d1a8700000,0x000000d1a8800000) (1024K)]
  0x000002854b8debf0 JavaThread "Common-Cleaner"             daemon [_thread_blocked, id=28656, stack(0x000000d1a8800000,0x000000d1a8900000) (1024K)]
  0x000002854b9bd870 JavaThread "Notification Thread"        daemon [_thread_blocked, id=22744, stack(0x000000d1a8900000,0x000000d1a8a00000) (1024K)]
  0x000002854b9c2f00 JavaThread "mysql-cj-abandoned-connection-cleanup" daemon [_thread_blocked, id=8756, stack(0x000000d1a8a00000,0x000000d1a8b00000) (1024K)]
  0x0000028591234210 JavaThread "Java2D Disposer"            daemon [_thread_blocked, id=24924, stack(0x000000d1a8b00000,0x000000d1a8c00000) (1024K)]
  0x0000028591234870 JavaThread "AWT-Shutdown"                      [_thread_blocked, id=11680, stack(0x000000d1a8c00000,0x000000d1a8d00000) (1024K)]
=>0x00000285912353c0 JavaThread "AWT-Windows"                daemon [_thread_in_native, id=28904, stack(0x000000d1a8d00000,0x000000d1a8e00000) (1024K)]
Total: 15

Other Threads:
  0x000002854b7bacf0 VMThread "VM Thread"                           [id=19304, stack(0x000000d1a7f00000,0x000000d1a8000000) (1024K)]
  0x000002854b7ab790 WatcherThread "VM Periodic Task Thread"        [id=1532, stack(0x000000d1a7e00000,0x000000d1a7f00000) (1024K)]
  0x000002852ef79150 WorkerThread "GC Thread#0"                     [id=24764, stack(0x000000d1a7900000,0x000000d1a7a00000) (1024K)]
  0x000002852ef8a0c0 ConcurrentGCThread "G1 Main Marker"            [id=19476, stack(0x000000d1a7a00000,0x000000d1a7b00000) (1024K)]
  0x000002852ef8b360 WorkerThread "G1 Conc#0"                       [id=23656, stack(0x000000d1a7b00000,0x000000d1a7c00000) (1024K)]
  0x000002852efee470 ConcurrentGCThread "G1 Refine#0"               [id=7488, stack(0x000000d1a7c00000,0x000000d1a7d00000) (1024K)]
  0x000002854b67a120 ConcurrentGCThread "G1 Service"                [id=16532, stack(0x000000d1a7d00000,0x000000d1a7e00000) (1024K)]
Total: 7

Threads with active compile tasks:
Total: 0

VM state: not at safepoint (normal execution)

VM Mutex/Monitor currently owned by a thread: None

Heap address: 0x000000008b800000, size: 1864 MB, Compressed Oops mode: 32-bit

CDS archive(s) mapped at: [0x000002854c000000-0x000002854cc80000-0x000002854cc80000), size 13107200, SharedBaseAddress: 0x000002854c000000, ArchiveRelocationMode: 1.
Compressed class space mapped at: 0x000002854d000000-0x000002858d000000, reserved size: 1073741824
Narrow klass base: 0x000002854c000000, Narrow klass shift: 0, Narrow klass range: 0x100000000

GC Precious Log:
 CardTable entry size: 512
 Card Set container configuration: InlinePtr #cards 5 size 8 Array Of Cards #cards 12 size 40 Howl #buckets 4 coarsen threshold 1843 Howl Bitmap #cards 512 size 80 coarsen threshold 460 Card regions per heap region 1 cards per card region 2048
 CPUs: 8 total, 8 available
 Memory: 7455M
 Large Page Support: Disabled
 NUMA Support: Disabled
 Compressed Oops: Enabled (32-bit)
 Heap Region Size: 1M
 Heap Min Capacity: 8M
 Heap Initial Capacity: 118M
 Heap Max Capacity: 1864M
 Pre-touch: Disabled
 Parallel Workers: 8
 Concurrent Workers: 2
 Concurrent Refinement Workers: 8
 Periodic GC: Disabled

Heap:
 garbage-first heap   total 120832K, used 13312K [0x000000008b800000, 0x0000000100000000)
  region size 1024K, 15 young (15360K), 0 survivors (0K)
 Metaspace       used 7911K, committed 8192K, reserved 1114112K
  class space    used 779K, committed 896K, reserved 1048576K

Heap Regions: E=young(eden), S=young(survivor), O=old, HS=humongous(starts), HC=humongous(continues), CS=collection set, F=free, TAMS=top-at-mark-start, PB=parsable bottom
|   0|0x000000008b800000, 0x000000008b800000, 0x000000008b900000|  0%| F|  |TAMS 0x000000008b800000| PB 0x000000008b800000| Untracked 
|   1|0x000000008b900000, 0x000000008b900000, 0x000000008ba00000|  0%| F|  |TAMS 0x000000008b900000| PB 0x000000008b900000| Untracked 
|   2|0x000000008ba00000, 0x000000008ba00000, 0x000000008bb00000|  0%| F|  |TAMS 0x000000008ba00000| PB 0x000000008ba00000| Untracked 
|   3|0x000000008bb00000, 0x000000008bb00000, 0x000000008bc00000|  0%| F|  |TAMS 0x000000008bb00000| PB 0x000000008bb00000| Untracked 
|   4|0x000000008bc00000, 0x000000008bc00000, 0x000000008bd00000|  0%| F|  |TAMS 0x000000008bc00000| PB 0x000000008bc00000| Untracked 
|   5|0x000000008bd00000, 0x000000008bd00000, 0x000000008be00000|  0%| F|  |TAMS 0x000000008bd00000| PB 0x000000008bd00000| Untracked 
|   6|0x000000008be00000, 0x000000008be00000, 0x000000008bf00000|  0%| F|  |TAMS 0x000000008be00000| PB 0x000000008be00000| Untracked 
|   7|0x000000008bf00000, 0x000000008bf00000, 0x000000008c000000|  0%| F|  |TAMS 0x000000008bf00000| PB 0x000000008bf00000| Untracked 
|   8|0x000000008c000000, 0x000000008c000000, 0x000000008c100000|  0%| F|  |TAMS 0x000000008c000000| PB 0x000000008c000000| Untracked 
|   9|0x000000008c100000, 0x000000008c100000, 0x000000008c200000|  0%| F|  |TAMS 0x000000008c100000| PB 0x000000008c100000| Untracked 
|  10|0x000000008c200000, 0x000000008c200000, 0x000000008c300000|  0%| F|  |TAMS 0x000000008c200000| PB 0x000000008c200000| Untracked 
|  11|0x000000008c300000, 0x000000008c300000, 0x000000008c400000|  0%| F|  |TAMS 0x000000008c300000| PB 0x000000008c300000| Untracked 
|  12|0x000000008c400000, 0x000000008c400000, 0x000000008c500000|  0%| F|  |TAMS 0x000000008c400000| PB 0x000000008c400000| Untracked 
|  13|0x000000008c500000, 0x000000008c500000, 0x000000008c600000|  0%| F|  |TAMS 0x000000008c500000| PB 0x000000008c500000| Untracked 
|  14|0x000000008c600000, 0x000000008c600000, 0x000000008c700000|  0%| F|  |TAMS 0x000000008c600000| PB 0x000000008c600000| Untracked 
|  15|0x000000008c700000, 0x000000008c700000, 0x000000008c800000|  0%| F|  |TAMS 0x000000008c700000| PB 0x000000008c700000| Untracked 
|  16|0x000000008c800000, 0x000000008c800000, 0x000000008c900000|  0%| F|  |TAMS 0x000000008c800000| PB 0x000000008c800000| Untracked 
|  17|0x000000008c900000, 0x000000008c900000, 0x000000008ca00000|  0%| F|  |TAMS 0x000000008c900000| PB 0x000000008c900000| Untracked 
|  18|0x000000008ca00000, 0x000000008ca00000, 0x000000008cb00000|  0%| F|  |TAMS 0x000000008ca00000| PB 0x000000008ca00000| Untracked 
|  19|0x000000008cb00000, 0x000000008cb00000, 0x000000008cc00000|  0%| F|  |TAMS 0x000000008cb00000| PB 0x000000008cb00000| Untracked 
|  20|0x000000008cc00000, 0x000000008cc00000, 0x000000008cd00000|  0%| F|  |TAMS 0x000000008cc00000| PB 0x000000008cc00000| Untracked 
|  21|0x000000008cd00000, 0x000000008cd00000, 0x000000008ce00000|  0%| F|  |TAMS 0x000000008cd00000| PB 0x000000008cd00000| Untracked 
|  22|0x000000008ce00000, 0x000000008ce00000, 0x000000008cf00000|  0%| F|  |TAMS 0x000000008ce00000| PB 0x000000008ce00000| Untracked 
|  23|0x000000008cf00000, 0x000000008cf00000, 0x000000008d000000|  0%| F|  |TAMS 0x000000008cf00000| PB 0x000000008cf00000| Untracked 
|  24|0x000000008d000000, 0x000000008d000000, 0x000000008d100000|  0%| F|  |TAMS 0x000000008d000000| PB 0x000000008d000000| Untracked 
|  25|0x000000008d100000, 0x000000008d100000, 0x000000008d200000|  0%| F|  |TAMS 0x000000008d100000| PB 0x000000008d100000| Untracked 
|  26|0x000000008d200000, 0x000000008d200000, 0x000000008d300000|  0%| F|  |TAMS 0x000000008d200000| PB 0x000000008d200000| Untracked 
|  27|0x000000008d300000, 0x000000008d300000, 0x000000008d400000|  0%| F|  |TAMS 0x000000008d300000| PB 0x000000008d300000| Untracked 
|  28|0x000000008d400000, 0x000000008d400000, 0x000000008d500000|  0%| F|  |TAMS 0x000000008d400000| PB 0x000000008d400000| Untracked 
|  29|0x000000008d500000, 0x000000008d500000, 0x000000008d600000|  0%| F|  |TAMS 0x000000008d500000| PB 0x000000008d500000| Untracked 
|  30|0x000000008d600000, 0x000000008d600000, 0x000000008d700000|  0%| F|  |TAMS 0x000000008d600000| PB 0x000000008d600000| Untracked 
|  31|0x000000008d700000, 0x000000008d700000, 0x000000008d800000|  0%| F|  |TAMS 0x000000008d700000| PB 0x000000008d700000| Untracked 
|  32|0x000000008d800000, 0x000000008d800000, 0x000000008d900000|  0%| F|  |TAMS 0x000000008d800000| PB 0x000000008d800000| Untracked 
|  33|0x000000008d900000, 0x000000008d900000, 0x000000008da00000|  0%| F|  |TAMS 0x000000008d900000| PB 0x000000008d900000| Untracked 
|  34|0x000000008da00000, 0x000000008da00000, 0x000000008db00000|  0%| F|  |TAMS 0x000000008da00000| PB 0x000000008da00000| Untracked 
|  35|0x000000008db00000, 0x000000008db00000, 0x000000008dc00000|  0%| F|  |TAMS 0x000000008db00000| PB 0x000000008db00000| Untracked 
|  36|0x000000008dc00000, 0x000000008dc00000, 0x000000008dd00000|  0%| F|  |TAMS 0x000000008dc00000| PB 0x000000008dc00000| Untracked 
|  37|0x000000008dd00000, 0x000000008dd00000, 0x000000008de00000|  0%| F|  |TAMS 0x000000008dd00000| PB 0x000000008dd00000| Untracked 
|  38|0x000000008de00000, 0x000000008de00000, 0x000000008df00000|  0%| F|  |TAMS 0x000000008de00000| PB 0x000000008de00000| Untracked 
|  39|0x000000008df00000, 0x000000008df00000, 0x000000008e000000|  0%| F|  |TAMS 0x000000008df00000| PB 0x000000008df00000| Untracked 
|  40|0x000000008e000000, 0x000000008e000000, 0x000000008e100000|  0%| F|  |TAMS 0x000000008e000000| PB 0x000000008e000000| Untracked 
|  41|0x000000008e100000, 0x000000008e100000, 0x000000008e200000|  0%| F|  |TAMS 0x000000008e100000| PB 0x000000008e100000| Untracked 
|  42|0x000000008e200000, 0x000000008e200000, 0x000000008e300000|  0%| F|  |TAMS 0x000000008e200000| PB 0x000000008e200000| Untracked 
|  43|0x000000008e300000, 0x000000008e300000, 0x000000008e400000|  0%| F|  |TAMS 0x000000008e300000| PB 0x000000008e300000| Untracked 
|  44|0x000000008e400000, 0x000000008e400000, 0x000000008e500000|  0%| F|  |TAMS 0x000000008e400000| PB 0x000000008e400000| Untracked 
|  45|0x000000008e500000, 0x000000008e500000, 0x000000008e600000|  0%| F|  |TAMS 0x000000008e500000| PB 0x000000008e500000| Untracked 
|  46|0x000000008e600000, 0x000000008e600000, 0x000000008e700000|  0%| F|  |TAMS 0x000000008e600000| PB 0x000000008e600000| Untracked 
|  47|0x000000008e700000, 0x000000008e700000, 0x000000008e800000|  0%| F|  |TAMS 0x000000008e700000| PB 0x000000008e700000| Untracked 
|  48|0x000000008e800000, 0x000000008e800000, 0x000000008e900000|  0%| F|  |TAMS 0x000000008e800000| PB 0x000000008e800000| Untracked 
|  49|0x000000008e900000, 0x000000008e900000, 0x000000008ea00000|  0%| F|  |TAMS 0x000000008e900000| PB 0x000000008e900000| Untracked 
|  50|0x000000008ea00000, 0x000000008ea00000, 0x000000008eb00000|  0%| F|  |TAMS 0x000000008ea00000| PB 0x000000008ea00000| Untracked 
|  51|0x000000008eb00000, 0x000000008eb00000, 0x000000008ec00000|  0%| F|  |TAMS 0x000000008eb00000| PB 0x000000008eb00000| Untracked 
|  52|0x000000008ec00000, 0x000000008ec00000, 0x000000008ed00000|  0%| F|  |TAMS 0x000000008ec00000| PB 0x000000008ec00000| Untracked 
|  53|0x000000008ed00000, 0x000000008ed00000, 0x000000008ee00000|  0%| F|  |TAMS 0x000000008ed00000| PB 0x000000008ed00000| Untracked 
|  54|0x000000008ee00000, 0x000000008ee00000, 0x000000008ef00000|  0%| F|  |TAMS 0x000000008ee00000| PB 0x000000008ee00000| Untracked 
|  55|0x000000008ef00000, 0x000000008ef00000, 0x000000008f000000|  0%| F|  |TAMS 0x000000008ef00000| PB 0x000000008ef00000| Untracked 
|  56|0x000000008f000000, 0x000000008f000000, 0x000000008f100000|  0%| F|  |TAMS 0x000000008f000000| PB 0x000000008f000000| Untracked 
|  57|0x000000008f100000, 0x000000008f100000, 0x000000008f200000|  0%| F|  |TAMS 0x000000008f100000| PB 0x000000008f100000| Untracked 
|  58|0x000000008f200000, 0x000000008f200000, 0x000000008f300000|  0%| F|  |TAMS 0x000000008f200000| PB 0x000000008f200000| Untracked 
|  59|0x000000008f300000, 0x000000008f300000, 0x000000008f400000|  0%| F|  |TAMS 0x000000008f300000| PB 0x000000008f300000| Untracked 
|  60|0x000000008f400000, 0x000000008f400000, 0x000000008f500000|  0%| F|  |TAMS 0x000000008f400000| PB 0x000000008f400000| Untracked 
|  61|0x000000008f500000, 0x000000008f500000, 0x000000008f600000|  0%| F|  |TAMS 0x000000008f500000| PB 0x000000008f500000| Untracked 
|  62|0x000000008f600000, 0x000000008f600000, 0x000000008f700000|  0%| F|  |TAMS 0x000000008f600000| PB 0x000000008f600000| Untracked 
|  63|0x000000008f700000, 0x000000008f700000, 0x000000008f800000|  0%| F|  |TAMS 0x000000008f700000| PB 0x000000008f700000| Untracked 
|  64|0x000000008f800000, 0x000000008f800000, 0x000000008f900000|  0%| F|  |TAMS 0x000000008f800000| PB 0x000000008f800000| Untracked 
|  65|0x000000008f900000, 0x000000008f900000, 0x000000008fa00000|  0%| F|  |TAMS 0x000000008f900000| PB 0x000000008f900000| Untracked 
|  66|0x000000008fa00000, 0x000000008fa00000, 0x000000008fb00000|  0%| F|  |TAMS 0x000000008fa00000| PB 0x000000008fa00000| Untracked 
|  67|0x000000008fb00000, 0x000000008fb00000, 0x000000008fc00000|  0%| F|  |TAMS 0x000000008fb00000| PB 0x000000008fb00000| Untracked 
|  68|0x000000008fc00000, 0x000000008fc00000, 0x000000008fd00000|  0%| F|  |TAMS 0x000000008fc00000| PB 0x000000008fc00000| Untracked 
|  69|0x000000008fd00000, 0x000000008fd00000, 0x000000008fe00000|  0%| F|  |TAMS 0x000000008fd00000| PB 0x000000008fd00000| Untracked 
|  70|0x000000008fe00000, 0x000000008fe00000, 0x000000008ff00000|  0%| F|  |TAMS 0x000000008fe00000| PB 0x000000008fe00000| Untracked 
|  71|0x000000008ff00000, 0x000000008ff00000, 0x0000000090000000|  0%| F|  |TAMS 0x000000008ff00000| PB 0x000000008ff00000| Untracked 
|  72|0x0000000090000000, 0x0000000090000000, 0x0000000090100000|  0%| F|  |TAMS 0x0000000090000000| PB 0x0000000090000000| Untracked 
|  73|0x0000000090100000, 0x0000000090100000, 0x0000000090200000|  0%| F|  |TAMS 0x0000000090100000| PB 0x0000000090100000| Untracked 
|  74|0x0000000090200000, 0x0000000090200000, 0x0000000090300000|  0%| F|  |TAMS 0x0000000090200000| PB 0x0000000090200000| Untracked 
|  75|0x0000000090300000, 0x0000000090300000, 0x0000000090400000|  0%| F|  |TAMS 0x0000000090300000| PB 0x0000000090300000| Untracked 
|  76|0x0000000090400000, 0x0000000090400000, 0x0000000090500000|  0%| F|  |TAMS 0x0000000090400000| PB 0x0000000090400000| Untracked 
|  77|0x0000000090500000, 0x0000000090500000, 0x0000000090600000|  0%| F|  |TAMS 0x0000000090500000| PB 0x0000000090500000| Untracked 
|  78|0x0000000090600000, 0x0000000090600000, 0x0000000090700000|  0%| F|  |TAMS 0x0000000090600000| PB 0x0000000090600000| Untracked 
|  79|0x0000000090700000, 0x0000000090700000, 0x0000000090800000|  0%| F|  |TAMS 0x0000000090700000| PB 0x0000000090700000| Untracked 
|  80|0x0000000090800000, 0x0000000090800000, 0x0000000090900000|  0%| F|  |TAMS 0x0000000090800000| PB 0x0000000090800000| Untracked 
|  81|0x0000000090900000, 0x0000000090900000, 0x0000000090a00000|  0%| F|  |TAMS 0x0000000090900000| PB 0x0000000090900000| Untracked 
|  82|0x0000000090a00000, 0x0000000090a00000, 0x0000000090b00000|  0%| F|  |TAMS 0x0000000090a00000| PB 0x0000000090a00000| Untracked 
|  83|0x0000000090b00000, 0x0000000090b00000, 0x0000000090c00000|  0%| F|  |TAMS 0x0000000090b00000| PB 0x0000000090b00000| Untracked 
|  84|0x0000000090c00000, 0x0000000090c00000, 0x0000000090d00000|  0%| F|  |TAMS 0x0000000090c00000| PB 0x0000000090c00000| Untracked 
|  85|0x0000000090d00000, 0x0000000090d00000, 0x0000000090e00000|  0%| F|  |TAMS 0x0000000090d00000| PB 0x0000000090d00000| Untracked 
|  86|0x0000000090e00000, 0x0000000090e00000, 0x0000000090f00000|  0%| F|  |TAMS 0x0000000090e00000| PB 0x0000000090e00000| Untracked 
|  87|0x0000000090f00000, 0x0000000090f00000, 0x0000000091000000|  0%| F|  |TAMS 0x0000000090f00000| PB 0x0000000090f00000| Untracked 
|  88|0x0000000091000000, 0x0000000091000000, 0x0000000091100000|  0%| F|  |TAMS 0x0000000091000000| PB 0x0000000091000000| Untracked 
|  89|0x0000000091100000, 0x0000000091100000, 0x0000000091200000|  0%| F|  |TAMS 0x0000000091100000| PB 0x0000000091100000| Untracked 
|  90|0x0000000091200000, 0x0000000091200000, 0x0000000091300000|  0%| F|  |TAMS 0x0000000091200000| PB 0x0000000091200000| Untracked 
|  91|0x0000000091300000, 0x0000000091300000, 0x0000000091400000|  0%| F|  |TAMS 0x0000000091300000| PB 0x0000000091300000| Untracked 
|  92|0x0000000091400000, 0x0000000091400000, 0x0000000091500000|  0%| F|  |TAMS 0x0000000091400000| PB 0x0000000091400000| Untracked 
|  93|0x0000000091500000, 0x0000000091500000, 0x0000000091600000|  0%| F|  |TAMS 0x0000000091500000| PB 0x0000000091500000| Untracked 
|  94|0x0000000091600000, 0x0000000091600000, 0x0000000091700000|  0%| F|  |TAMS 0x0000000091600000| PB 0x0000000091600000| Untracked 
|  95|0x0000000091700000, 0x0000000091700000, 0x0000000091800000|  0%| F|  |TAMS 0x0000000091700000| PB 0x0000000091700000| Untracked 
|  96|0x0000000091800000, 0x0000000091800000, 0x0000000091900000|  0%| F|  |TAMS 0x0000000091800000| PB 0x0000000091800000| Untracked 
|  97|0x0000000091900000, 0x0000000091900000, 0x0000000091a00000|  0%| F|  |TAMS 0x0000000091900000| PB 0x0000000091900000| Untracked 
|  98|0x0000000091a00000, 0x0000000091a00000, 0x0000000091b00000|  0%| F|  |TAMS 0x0000000091a00000| PB 0x0000000091a00000| Untracked 
|  99|0x0000000091b00000, 0x0000000091b00000, 0x0000000091c00000|  0%| F|  |TAMS 0x0000000091b00000| PB 0x0000000091b00000| Untracked 
| 100|0x0000000091c00000, 0x0000000091c00000, 0x0000000091d00000|  0%| F|  |TAMS 0x0000000091c00000| PB 0x0000000091c00000| Untracked 
| 101|0x0000000091d00000, 0x0000000091d00000, 0x0000000091e00000|  0%| F|  |TAMS 0x0000000091d00000| PB 0x0000000091d00000| Untracked 
| 102|0x0000000091e00000, 0x0000000091e00000, 0x0000000091f00000|  0%| F|  |TAMS 0x0000000091e00000| PB 0x0000000091e00000| Untracked 
| 103|0x0000000091f00000, 0x0000000092000000, 0x0000000092000000|100%| E|  |TAMS 0x0000000091f00000| PB 0x0000000091f00000| Complete 
| 104|0x0000000092000000, 0x0000000092100000, 0x0000000092100000|100%| E|CS|TAMS 0x0000000092000000| PB 0x0000000092000000| Complete 
| 105|0x0000000092100000, 0x0000000092200000, 0x0000000092200000|100%| E|  |TAMS 0x0000000092100000| PB 0x0000000092100000| Complete 
| 106|0x0000000092200000, 0x0000000092300000, 0x0000000092300000|100%| E|CS|TAMS 0x0000000092200000| PB 0x0000000092200000| Complete 
| 107|0x0000000092300000, 0x0000000092400000, 0x0000000092400000|100%| E|CS|TAMS 0x0000000092300000| PB 0x0000000092300000| Complete 
| 108|0x0000000092400000, 0x0000000092500000, 0x0000000092500000|100%| E|CS|TAMS 0x0000000092400000| PB 0x0000000092400000| Complete 
| 109|0x0000000092500000, 0x0000000092600000, 0x0000000092600000|100%| E|CS|TAMS 0x0000000092500000| PB 0x0000000092500000| Complete 
| 110|0x0000000092600000, 0x0000000092700000, 0x0000000092700000|100%| E|CS|TAMS 0x0000000092600000| PB 0x0000000092600000| Complete 
| 111|0x0000000092700000, 0x0000000092800000, 0x0000000092800000|100%| E|CS|TAMS 0x0000000092700000| PB 0x0000000092700000| Complete 
| 112|0x0000000092800000, 0x0000000092900000, 0x0000000092900000|100%| E|CS|TAMS 0x0000000092800000| PB 0x0000000092800000| Complete 
| 113|0x0000000092900000, 0x0000000092a00000, 0x0000000092a00000|100%| E|CS|TAMS 0x0000000092900000| PB 0x0000000092900000| Complete 
| 114|0x0000000092a00000, 0x0000000092b00000, 0x0000000092b00000|100%| E|CS|TAMS 0x0000000092a00000| PB 0x0000000092a00000| Complete 
| 115|0x0000000092b00000, 0x0000000092c00000, 0x0000000092c00000|100%| E|CS|TAMS 0x0000000092b00000| PB 0x0000000092b00000| Complete 
| 116|0x0000000092c00000, 0x0000000092d00000, 0x0000000092d00000|100%| E|CS|TAMS 0x0000000092c00000| PB 0x0000000092c00000| Complete 
| 117|0x0000000092d00000, 0x0000000092e00000, 0x0000000092e00000|100%| E|CS|TAMS 0x0000000092d00000| PB 0x0000000092d00000| Complete 

Card table byte_map: [0x0000028546cf0000,0x00000285470a0000] _byte_map_base: 0x0000028546894000

Marking Bits: (CMBitMap*) 0x000002852ef79850
 Bits: [0x00000285470a0000, 0x0000028548dc0000)

Polling page: 0x000002852cf10000

Metaspace:

Usage:
  Non-class:      6.96 MB used.
      Class:    779.34 KB used.
       Both:      7.73 MB used.

Virtual space:
  Non-class space:       64.00 MB reserved,       7.12 MB ( 11%) committed,  1 nodes.
      Class space:        1.00 GB reserved,     896.00 KB ( <1%) committed,  1 nodes.
             Both:        1.06 GB reserved,       8.00 MB ( <1%) committed. 

Chunk freelists:
   Non-Class:  8.05 MB
       Class:  15.10 MB
        Both:  23.16 MB

MaxMetaspaceSize: unlimited
CompressedClassSpaceSize: 1.00 GB
Initial GC threshold: 21.00 MB
Current GC threshold: 21.00 MB
CDS: on
 - commit_granule_bytes: 65536.
 - commit_granule_words: 8192.
 - virtual_space_node_default_size: 8388608.
 - enlarge_chunks_in_place: 1.
 - use_allocation_guard: 0.


Internal statistics:

num_allocs_failed_limit: 0.
num_arena_births: 128.
num_arena_deaths: 0.
num_vsnodes_births: 2.
num_vsnodes_deaths: 0.
num_space_committed: 127.
num_space_uncommitted: 0.
num_chunks_returned_to_freelist: 0.
num_chunks_taken_from_freelist: 279.
num_chunk_merges: 0.
num_chunk_splits: 192.
num_chunks_enlarged: 118.
num_inconsistent_stats: 0.

CodeHeap 'non-profiled nmethods': size=120000Kb used=337Kb max_used=337Kb free=119662Kb
 bounds [0x000002853f0e0000, 0x000002853f350000, 0x0000028546610000]
CodeHeap 'profiled nmethods': size=120000Kb used=1498Kb max_used=1498Kb free=118501Kb
 bounds [0x0000028537610000, 0x0000028537880000, 0x000002853eb40000]
CodeHeap 'non-nmethods': size=5760Kb used=1467Kb max_used=1467Kb free=4293Kb
 bounds [0x000002853eb40000, 0x000002853edb0000, 0x000002853f0e0000]
 total_blobs=1501 nmethods=948 adapters=458
 compilation: enabled
              stopped_count=0, restarted_count=0
 full_count=0

Compilation events (20 events):
Event: 1.006 Thread 0x000002854b7efee0  936       3       jdk.internal.org.objectweb.asm.SymbolTable::addConstantMethodref (24 bytes)
Event: 1.006 Thread 0x000002854b7e9970  940       4       jdk.internal.org.objectweb.asm.ByteVector::putShort (52 bytes)
Event: 1.006 Thread 0x000002854b7efee0 nmethod 936 0x0000028537780590 code [0x0000028537780740, 0x00000285377808e0]
Event: 1.006 Thread 0x000002854b7efee0  934       3       jdk.internal.org.objectweb.asm.MethodWriter::endCurrentBasicBlockWithNoSuccessor (94 bytes)
Event: 1.006 Thread 0x000002854b7efee0 nmethod 934 0x0000028537780990 code [0x0000028537780b80, 0x00000285377811e0]
Event: 1.006 Thread 0x000002854b7efee0  939       3       jdk.internal.org.objectweb.asm.Frame::setLocal (65 bytes)
Event: 1.006 Thread 0x000002854b7efee0 nmethod 939 0x0000028537781410 code [0x00000285377815e0, 0x0000028537781ae0]
Event: 1.006 Thread 0x000002854b7efee0  943       3       java.lang.invoke.DirectMethodHandle::internalMemberName (8 bytes)
Event: 1.006 Thread 0x000002854b7efee0 nmethod 943 0x0000028537781c90 code [0x0000028537781e40, 0x0000028537782028]
Event: 1.007 Thread 0x000002854b7e9970 nmethod 940 0x000002853f134190 code [0x000002853f134320, 0x000002853f134480]
Event: 1.019 Thread 0x000002854b7efee0  944       3       java.lang.Class::descriptorString (170 bytes)
Event: 1.020 Thread 0x000002854b7efee0 nmethod 944 0x0000028537782110 code [0x0000028537782580, 0x0000028537783cd0]
Event: 1.020 Thread 0x000002854b7efee0  945       3       sun.invoke.util.VerifyAccess::getClassModifiers (24 bytes)
Event: 1.020 Thread 0x000002854b7efee0 nmethod 945 0x0000028537784690 code [0x0000028537784860, 0x0000028537784a98]
Event: 1.021 Thread 0x000002854b7efee0  946       3       java.lang.invoke.MethodHandle::keepsAlive (20 bytes)
Event: 1.021 Thread 0x000002854b7efee0 nmethod 946 0x0000028537784b90 code [0x0000028537784de0, 0x00000285377857d8]
Event: 1.029 Thread 0x000002854b7efee0  947       3       java.lang.invoke.MethodHandleNatives::isCallerSensitive (29 bytes)
Event: 1.029 Thread 0x000002854b7efee0 nmethod 947 0x0000028537785b10 code [0x0000028537785d00, 0x0000028537786128]
Event: 1.029 Thread 0x000002854b7efee0  948       3       java.lang.invoke.MethodHandleNatives::canBeCalledVirtual (49 bytes)
Event: 1.030 Thread 0x000002854b7efee0 nmethod 948 0x0000028537786290 code [0x0000028537786480, 0x0000028537786910]

GC Heap History (0 events):
No events

Dll operation events (7 events):
Event: 0.012 Loaded shared library C:\Program Files\Eclipse Adoptium\jdk-21.0.6.7-hotspot\bin\java.dll
Event: 0.092 Loaded shared library C:\Program Files\Eclipse Adoptium\jdk-21.0.6.7-hotspot\bin\jsvml.dll
Event: 0.119 Loaded shared library C:\Program Files\Eclipse Adoptium\jdk-21.0.6.7-hotspot\bin\net.dll
Event: 0.122 Loaded shared library C:\Program Files\Eclipse Adoptium\jdk-21.0.6.7-hotspot\bin\nio.dll
Event: 0.171 Loaded shared library C:\Program Files\Eclipse Adoptium\jdk-21.0.6.7-hotspot\bin\jimage.dll
Event: 0.196 Loaded shared library C:\Program Files\Eclipse Adoptium\jdk-21.0.6.7-hotspot\bin\zip.dll
Event: 0.968 Loaded shared library C:\Program Files\Eclipse Adoptium\jdk-21.0.6.7-hotspot\bin\awt.dll

Deoptimization events (20 events):
Event: 0.203 Thread 0x000002852ef290e0 Uncommon trap: trap_request=0xffffffde fr.pc=0x000002853f0f5550 relative=0x0000000000000910
Event: 0.203 Thread 0x000002852ef290e0 Uncommon trap: reason=class_check action=maybe_recompile pc=0x000002853f0f5550 method=java.util.HashMap.putVal(ILjava/lang/Object;Ljava/lang/Object;ZZ)Ljava/lang/Object; @ 152 c2
Event: 0.203 Thread 0x000002852ef290e0 DEOPT PACKING pc=0x000002853f0f5550 sp=0x000000d1a78fd720
Event: 0.203 Thread 0x000002852ef290e0 DEOPT UNPACKING pc=0x000002853eb946a2 sp=0x000000d1a78fd6b0 mode 2
Event: 0.203 Thread 0x000002852ef290e0 Uncommon trap: trap_request=0xffffffde fr.pc=0x000002853f0f5550 relative=0x0000000000000910
Event: 0.203 Thread 0x000002852ef290e0 Uncommon trap: reason=class_check action=maybe_recompile pc=0x000002853f0f5550 method=java.util.HashMap.putVal(ILjava/lang/Object;Ljava/lang/Object;ZZ)Ljava/lang/Object; @ 152 c2
Event: 0.203 Thread 0x000002852ef290e0 DEOPT PACKING pc=0x000002853f0f5550 sp=0x000000d1a78fd720
Event: 0.203 Thread 0x000002852ef290e0 DEOPT UNPACKING pc=0x000002853eb946a2 sp=0x000000d1a78fd6b0 mode 2
Event: 0.374 Thread 0x000002852ef290e0 DEOPT PACKING pc=0x0000028537623bcc sp=0x000000d1a78fdab0
Event: 0.374 Thread 0x000002852ef290e0 DEOPT UNPACKING pc=0x000002853eb94e42 sp=0x000000d1a78fced0 mode 0
Event: 0.400 Thread 0x000002852ef290e0 DEOPT PACKING pc=0x0000028537699bc0 sp=0x000000d1a78fcbb0
Event: 0.400 Thread 0x000002852ef290e0 DEOPT UNPACKING pc=0x000002853eb94e42 sp=0x000000d1a78fc0a8 mode 0
Event: 0.400 Thread 0x000002852ef290e0 Uncommon trap: trap_request=0xffffff45 fr.pc=0x000002853f106504 relative=0x0000000000000844
Event: 0.400 Thread 0x000002852ef290e0 Uncommon trap: reason=unstable_if action=reinterpret pc=0x000002853f106504 method=java.util.Properties$LineReader.readLine()I @ 117 c2
Event: 0.400 Thread 0x000002852ef290e0 DEOPT PACKING pc=0x000002853f106504 sp=0x000000d1a78fcc10
Event: 0.400 Thread 0x000002852ef290e0 DEOPT UNPACKING pc=0x000002853eb946a2 sp=0x000000d1a78fcbb0 mode 2
Event: 0.420 Thread 0x000002852ef290e0 DEOPT PACKING pc=0x00000285376188cc sp=0x000000d1a78fa450
Event: 0.421 Thread 0x000002852ef290e0 DEOPT UNPACKING pc=0x000002853eb94e42 sp=0x000000d1a78f98b8 mode 0
Event: 0.865 Thread 0x000002852ef290e0 DEOPT PACKING pc=0x00000285376bcff5 sp=0x000000d1a78fdd40
Event: 0.865 Thread 0x000002852ef290e0 DEOPT UNPACKING pc=0x000002853eb94e42 sp=0x000000d1a78fd2c0 mode 0

Classes loaded (20 events):
Event: 1.018 Loading class sun/awt/util/ThreadGroupUtils
Event: 1.018 Loading class sun/awt/util/ThreadGroupUtils done
Event: 1.018 Loading class java/util/concurrent/ConcurrentLinkedDeque
Event: 1.018 Loading class java/util/concurrent/ConcurrentLinkedDeque done
Event: 1.018 Loading class java/util/concurrent/ConcurrentLinkedDeque$Node
Event: 1.018 Loading class java/util/concurrent/ConcurrentLinkedDeque$Node done
Event: 1.018 Loading class sun/awt/AWTAutoShutdown
Event: 1.019 Loading class sun/awt/AWTAutoShutdown done
Event: 1.056 Loading class sun/java2d/d3d/D3DRenderQueue
Event: 1.056 Loading class sun/java2d/pipe/RenderQueue
Event: 1.057 Loading class sun/java2d/pipe/RenderQueue done
Event: 1.057 Loading class sun/java2d/d3d/D3DRenderQueue done
Event: 1.057 Loading class sun/java2d/pipe/RenderBuffer
Event: 1.057 Loading class sun/java2d/pipe/RenderBuffer done
Event: 1.057 Loading class sun/java2d/d3d/D3DRenderQueue$1
Event: 1.057 Loading class sun/java2d/d3d/D3DRenderQueue$1 done
Event: 1.057 Loading class sun/java2d/d3d/D3DGraphicsDevice$1Result
Event: 1.057 Loading class sun/java2d/d3d/D3DGraphicsDevice$1Result done
Event: 1.057 Loading class sun/java2d/d3d/D3DGraphicsDevice$1
Event: 1.057 Loading class sun/java2d/d3d/D3DGraphicsDevice$1 done

Classes unloaded (0 events):
No events

Classes redefined (0 events):
No events

Internal exceptions (18 events):
Event: 0.137 Thread 0x000002852ef290e0 Exception <a 'java/lang/NoSuchMethodError'{0x0000000092cb1e38}: 'void java.lang.invoke.DirectMethodHandle$Holder.invokeVirtual(java.lang.Object, java.lang.Object)'> (0x0000000092cb1e38) 
thrown [s\src\hotspot\share\interpreter\linkResolver.cpp, line 773]
Event: 0.139 Thread 0x000002852ef290e0 Exception <a 'java/lang/NoSuchMethodError'{0x0000000092cbd378}: 'java.lang.Object java.lang.invoke.DirectMethodHandle$Holder.invokeInterface(java.lang.Object, java.lang.Object, java.lang.Object)'> (0x0000000092cbd378) 
thrown [s\src\hotspot\share\interpreter\linkResolver.cpp, line 773]
Event: 0.186 Thread 0x000002852ef290e0 Exception <a 'sun/nio/fs/WindowsException'{0x0000000092bb2b20}> (0x0000000092bb2b20) 
thrown [s\src\hotspot\share\prims\jni.cpp, line 520]
Event: 0.218 Thread 0x000002852ef290e0 Exception <a 'java/lang/NoSuchMethodError'{0x0000000092a04cf0}: 'void java.lang.invoke.DirectMethodHandle$Holder.invokeStatic(java.lang.Object, java.lang.Object)'> (0x0000000092a04cf0) 
thrown [s\src\hotspot\share\interpreter\linkResolver.cpp, line 773]
Event: 0.261 Thread 0x000002852ef290e0 Exception <a 'java/lang/NoSuchMethodError'{0x00000000929289f0}: 'java.lang.Object java.lang.invoke.DirectMethodHandle$Holder.invokeInterface(java.lang.Object, java.lang.Object)'> (0x00000000929289f0) 
thrown [s\src\hotspot\share\interpreter\linkResolver.cpp, line 773]
Event: 0.264 Thread 0x000002852ef290e0 Exception <a 'sun/nio/fs/WindowsException'{0x0000000092931f00}> (0x0000000092931f00) 
thrown [s\src\hotspot\share\prims\jni.cpp, line 520]
Event: 0.266 Thread 0x000002852ef290e0 Exception <a 'sun/nio/fs/WindowsException'{0x0000000092936820}> (0x0000000092936820) 
thrown [s\src\hotspot\share\prims\jni.cpp, line 520]
Event: 0.283 Thread 0x000002852ef290e0 Exception <a 'sun/nio/fs/WindowsException'{0x00000000929a03a8}> (0x00000000929a03a8) 
thrown [s\src\hotspot\share\prims\jni.cpp, line 520]
Event: 0.284 Thread 0x000002852ef290e0 Exception <a 'sun/nio/fs/WindowsException'{0x00000000929a1958}> (0x00000000929a1958) 
thrown [s\src\hotspot\share\prims\jni.cpp, line 520]
Event: 0.291 Thread 0x000002852ef290e0 Exception <a 'java/lang/NoSuchMethodError'{0x00000000929b34d8}: 'void java.lang.invoke.DirectMethodHandle$Holder.invokeSpecial(java.lang.Object, java.lang.Object, java.lang.Object)'> (0x00000000929b34d8) 
thrown [s\src\hotspot\share\interpreter\linkResolver.cpp, line 773]
Event: 0.293 Thread 0x000002852ef290e0 Exception <a 'java/lang/NoSuchMethodError'{0x00000000929b95e0}: 'void java.lang.invoke.DirectMethodHandle$Holder.invokeStatic(java.lang.Object, java.lang.Object, java.lang.Object)'> (0x00000000929b95e0) 
thrown [s\src\hotspot\share\interpreter\linkResolver.cpp, line 773]
Event: 0.295 Thread 0x000002852ef290e0 Exception <a 'java/lang/NoSuchMethodError'{0x00000000929c25e8}: 'java.lang.Object java.lang.invoke.DirectMethodHandle$Holder.invokeVirtual(java.lang.Object, java.lang.Object, java.lang.Object)'> (0x00000000929c25e8) 
thrown [s\src\hotspot\share\interpreter\linkResolver.cpp, line 773]
Event: 0.388 Thread 0x000002852ef290e0 Exception <a 'sun/nio/fs/WindowsException'{0x000000009269b1d8}> (0x000000009269b1d8) 
thrown [s\src\hotspot\share\prims\jni.cpp, line 520]
Event: 0.405 Thread 0x000002852ef290e0 Exception <a 'java/lang/ClassNotFoundException'{0x00000000926adac8}: jdk/net/ExtendedSocketOptions> (0x00000000926adac8) 
thrown [s\src\hotspot\share\classfile\systemDictionary.cpp, line 312]
Event: 0.959 Thread 0x000002852ef290e0 Exception <a 'sun/nio/fs/WindowsException'{0x000000009207d198}> (0x000000009207d198) 
thrown [s\src\hotspot\share\prims\jni.cpp, line 520]
Event: 0.961 Thread 0x000002852ef290e0 Exception <a 'java/lang/ClassNotFoundException'{0x000000009207ef00}: sun/awt/resources/spi/awtProvider> (0x000000009207ef00) 
thrown [s\src\hotspot\share\classfile\systemDictionary.cpp, line 312]
Event: 0.975 Thread 0x000002852ef290e0 Exception <a 'java/io/FileNotFoundException'{0x00000000920b79e0}> (0x00000000920b79e0) 
thrown [s\src\hotspot\share\prims\jni.cpp, line 520]
Event: 0.980 Thread 0x000002852ef290e0 Exception <a 'java/io/FileNotFoundException'{0x00000000920e2460}> (0x00000000920e2460) 
thrown [s\src\hotspot\share\prims\jni.cpp, line 520]

ZGC Phase Switch (0 events):
No events

VM Operations (10 events):
Event: 0.156 Executing VM operation: HandshakeAllThreads (Deoptimize)
Event: 0.156 Executing VM operation: HandshakeAllThreads (Deoptimize) done
Event: 0.227 Executing VM operation: HandshakeAllThreads (Deoptimize)
Event: 0.227 Executing VM operation: HandshakeAllThreads (Deoptimize) done
Event: 0.285 Executing VM operation: HandshakeAllThreads (Deoptimize)
Event: 0.285 Executing VM operation: HandshakeAllThreads (Deoptimize) done
Event: 0.973 Executing VM operation: HandshakeAllThreads (Deoptimize)
Event: 0.973 Executing VM operation: HandshakeAllThreads (Deoptimize) done
Event: 1.979 Executing VM operation: Cleanup
Event: 1.979 Executing VM operation: Cleanup done

Memory protections (0 events):
No events

Nmethod flushes (0 events):
No events

Events (17 events):
Event: 0.074 Thread 0x000002852ef290e0 Thread added: 0x000002852ef290e0
Event: 0.089 Thread 0x000002852ef290e0 Thread added: 0x000002854b7d8840
Event: 0.089 Thread 0x000002852ef290e0 Thread added: 0x000002854b7db6a0
Event: 0.090 Thread 0x000002852ef290e0 Thread added: 0x000002854b7e0be0
Event: 0.090 Thread 0x000002852ef290e0 Thread added: 0x000002854b7e1760
Event: 0.090 Thread 0x000002852ef290e0 Thread added: 0x000002854b7e4b70
Event: 0.090 Thread 0x000002852ef290e0 Thread added: 0x000002854b7e68d0
Event: 0.090 Thread 0x000002852ef290e0 Thread added: 0x000002854b7e9970
Event: 0.090 Thread 0x000002852ef290e0 Thread added: 0x000002854b7efee0
Event: 0.112 Thread 0x000002852ef290e0 Thread added: 0x000002854b8debf0
Event: 0.165 Thread 0x000002852ef290e0 Thread added: 0x000002854b9bd870
Event: 0.220 Thread 0x000002852ef290e0 Thread added: 0x000002854b9c2f00
Event: 0.281 Thread 0x000002854b7efee0 Thread added: 0x000002854bb48170
Event: 0.826 Thread 0x000002854bb48170 Thread exited: 0x000002854bb48170
Event: 1.018 Thread 0x000002852ef290e0 Thread added: 0x0000028591234210
Event: 1.019 Thread 0x000002852ef290e0 Thread added: 0x0000028591234870
Event: 1.020 Thread 0x000002852ef290e0 Thread added: 0x00000285912353c0


Dynamic libraries:
0x00007ff64ad50000 - 0x00007ff64ad5e000 	C:\Program Files\Eclipse Adoptium\jdk-21.0.6.7-hotspot\bin\javaw.exe
0x00007fffacf40000 - 0x00007fffad1a6000 	C:\WINDOWS\SYSTEM32\ntdll.dll
0x00007fffabe60000 - 0x00007fffabf29000 	C:\WINDOWS\System32\KERNEL32.DLL
0x00007fffaa740000 - 0x00007fffaab0c000 	C:\WINDOWS\System32\KERNELBASE.dll
0x00007fffaa530000 - 0x00007fffaa67b000 	C:\WINDOWS\System32\ucrtbase.dll
0x00007fff8cc60000 - 0x00007fff8cc78000 	C:\Program Files\Eclipse Adoptium\jdk-21.0.6.7-hotspot\bin\jli.dll
0x00007fff8c340000 - 0x00007fff8c35e000 	C:\Program Files\Eclipse Adoptium\jdk-21.0.6.7-hotspot\bin\VCRUNTIME140.dll
0x00007fffab7a0000 - 0x00007fffab96a000 	C:\WINDOWS\System32\USER32.dll
0x00007fff95150000 - 0x00007fff953ea000 	C:\WINDOWS\WinSxS\amd64_microsoft.windows.common-controls_6595b64144ccf1df_6.0.26100.3912_none_3e07963ce335137e\COMCTL32.dll
0x00007fffaa170000 - 0x00007fffaa197000 	C:\WINDOWS\System32\win32u.dll
0x00007fffab550000 - 0x00007fffab5f9000 	C:\WINDOWS\System32\msvcrt.dll
0x00007fffaca60000 - 0x00007fffaca8b000 	C:\WINDOWS\System32\GDI32.dll
0x00007fffaab10000 - 0x00007fffaac42000 	C:\WINDOWS\System32\gdi32full.dll
0x00007fffaac50000 - 0x00007fffaacf3000 	C:\WINDOWS\System32\msvcp_win.dll
0x00007fffac050000 - 0x00007fffac080000 	C:\WINDOWS\System32\IMM32.DLL
0x00007fff9a510000 - 0x00007fff9a51c000 	C:\Program Files\Eclipse Adoptium\jdk-21.0.6.7-hotspot\bin\vcruntime140_1.dll
0x00007fff847e0000 - 0x00007fff8486d000 	C:\Program Files\Eclipse Adoptium\jdk-21.0.6.7-hotspot\bin\msvcp140.dll
0x00007fff3f250000 - 0x00007fff3ffe0000 	C:\Program Files\Eclipse Adoptium\jdk-21.0.6.7-hotspot\bin\server\jvm.dll
0x00007fffab190000 - 0x00007fffab242000 	C:\WINDOWS\System32\ADVAPI32.dll
0x00007fffab250000 - 0x00007fffab2f6000 	C:\WINDOWS\System32\sechost.dll
0x00007fffac890000 - 0x00007fffac9a6000 	C:\WINDOWS\System32\RPCRT4.dll
0x00007fffac0e0000 - 0x00007fffac154000 	C:\WINDOWS\System32\WS2_32.dll
0x00007fff9e3a0000 - 0x00007fff9e3d6000 	C:\WINDOWS\SYSTEM32\WINMM.dll
0x00007fffa9f20000 - 0x00007fffa9f7e000 	C:\WINDOWS\SYSTEM32\POWRPROF.dll
0x00007fff9d090000 - 0x00007fff9d09b000 	C:\WINDOWS\SYSTEM32\VERSION.dll
0x00007fffa9f00000 - 0x00007fffa9f14000 	C:\WINDOWS\SYSTEM32\UMPDC.dll
0x00007fffa8e50000 - 0x00007fffa8e6a000 	C:\WINDOWS\SYSTEM32\kernel.appcore.dll
0x00007fff9a210000 - 0x00007fff9a21a000 	C:\Program Files\Eclipse Adoptium\jdk-21.0.6.7-hotspot\bin\jimage.dll
0x00007fff9bfb0000 - 0x00007fff9c1f1000 	C:\WINDOWS\SYSTEM32\DBGHELP.DLL
0x00007fffaca90000 - 0x00007ffface14000 	C:\WINDOWS\System32\combase.dll
0x00007fffabf40000 - 0x00007fffac020000 	C:\WINDOWS\System32\OLEAUT32.dll
0x00007fff92be0000 - 0x00007fff92c19000 	C:\WINDOWS\SYSTEM32\dbgcore.DLL
0x00007fffaa0d0000 - 0x00007fffaa169000 	C:\WINDOWS\System32\bcryptPrimitives.dll
0x00007fff8b0c0000 - 0x00007fff8b0df000 	C:\Program Files\Eclipse Adoptium\jdk-21.0.6.7-hotspot\bin\java.dll
0x00007fffac160000 - 0x00007fffac88d000 	C:\WINDOWS\System32\SHELL32.dll
0x00007fffaa230000 - 0x00007fffaa3a4000 	C:\WINDOWS\System32\wintypes.dll
0x00007fffa7d00000 - 0x00007fffa8556000 	C:\WINDOWS\SYSTEM32\windows.storage.dll
0x00007fffab6a0000 - 0x00007fffab78f000 	C:\WINDOWS\System32\SHCORE.dll
0x00007fffab300000 - 0x00007fffab369000 	C:\WINDOWS\System32\shlwapi.dll
0x00007fffa9fe0000 - 0x00007fffaa00f000 	C:\WINDOWS\SYSTEM32\profapi.dll
0x00007fff70cf0000 - 0x00007fff70dc7000 	C:\Program Files\Eclipse Adoptium\jdk-21.0.6.7-hotspot\bin\jsvml.dll
0x00007fff8f5d0000 - 0x00007fff8f5e0000 	C:\Program Files\Eclipse Adoptium\jdk-21.0.6.7-hotspot\bin\net.dll
0x00007fffa4290000 - 0x00007fffa43ae000 	C:\WINDOWS\SYSTEM32\WINHTTP.dll
0x00007fffa93a0000 - 0x00007fffa940a000 	C:\WINDOWS\system32\mswsock.dll
0x00007fff89b60000 - 0x00007fff89b76000 	C:\Program Files\Eclipse Adoptium\jdk-21.0.6.7-hotspot\bin\nio.dll
0x00007fff85af0000 - 0x00007fff85b08000 	C:\Program Files\Eclipse Adoptium\jdk-21.0.6.7-hotspot\bin\zip.dll
0x00007fffa88b0000 - 0x00007fffa89d7000 	C:\WINDOWS\SYSTEM32\DNSAPI.dll
0x00007fffa8870000 - 0x00007fffa88a3000 	C:\WINDOWS\SYSTEM32\IPHLPAPI.DLL
0x00007fffab970000 - 0x00007fffab97a000 	C:\WINDOWS\System32\NSI.dll
0x00007fff9e2f0000 - 0x00007fff9e2fb000 	C:\Windows\System32\rasadhlp.dll
0x00007fffa4720000 - 0x00007fffa47a6000 	C:\WINDOWS\System32\fwpuclnt.dll
0x00007fff70760000 - 0x00007fff708ee000 	C:\Program Files\Eclipse Adoptium\jdk-21.0.6.7-hotspot\bin\awt.dll
0x00007fffa6fd0000 - 0x00007fffa706e000 	C:\WINDOWS\SYSTEM32\apphelp.dll
0x00007fffa75a0000 - 0x00007fffa75d6000 	C:\WINDOWS\system32\DWMAPI.DLL
0x00007fffa7260000 - 0x00007fffa730f000 	C:\WINDOWS\system32\uxtheme.dll
0x00007fff7af50000 - 0x00007fff7b05c000 	C:\WINDOWS\system32\opengl32.dll
0x00007fff85030000 - 0x00007fff8505d000 	C:\WINDOWS\SYSTEM32\GLU32.dll
0x00007fffa7620000 - 0x00007fffa7667000 	C:\WINDOWS\SYSTEM32\dxcore.dll
0x00007fffabb40000 - 0x00007fffabc9f000 	C:\WINDOWS\System32\MSCTF.dll
0x00007fffabcb0000 - 0x00007fffabe4f000 	C:\WINDOWS\System32\ole32.dll
0x00007fff79590000 - 0x00007fff79745000 	C:\WINDOWS\system32\d3d9.dll
0x00007fff89270000 - 0x00007fff89290000 	C:\WINDOWS\System32\DriverStore\FileRepository\u0410212.inf_amd64_daae2c8b5eb35aaa\B409877\atidx9loader64.dll
0x00007ffef6fb0000 - 0x00007ffefa95e000 	C:\WINDOWS\System32\DriverStore\FileRepository\u0410212.inf_amd64_daae2c8b5eb35aaa\B409877\AMDXN64.DLL
0x00007fffaad00000 - 0x00007fffab186000 	C:\WINDOWS\System32\SETUPAPI.dll
0x00007fffa7440000 - 0x00007fffa7573000 	C:\WINDOWS\SYSTEM32\dxgi.dll
0x00007fffa73b0000 - 0x00007fffa7410000 	C:\WINDOWS\SYSTEM32\directxdatabasehelper.dll
0x00007fffa9c20000 - 0x00007fffa9c77000 	C:\WINDOWS\SYSTEM32\cfgmgr32.dll
0x00007fffa9fb0000 - 0x00007fffa9fd6000 	C:\WINDOWS\SYSTEM32\BCrypt.dll
0x00007fff9de90000 - 0x00007fff9dec9000 	C:\WINDOWS\System32\DriverStore\FileRepository\u0410212.inf_amd64_daae2c8b5eb35aaa\B409877\amdihk64.dll

dbghelp: loaded successfully - version: 4.0.5 - missing functions: none
symbol engine: initialized successfully - sym options: 0x614 - pdb path: .;C:\Program Files\Eclipse Adoptium\jdk-21.0.6.7-hotspot\bin;C:\WINDOWS\SYSTEM32;C:\WINDOWS\WinSxS\amd64_microsoft.windows.common-controls_6595b64144ccf1df_6.0.26100.3912_none_3e07963ce335137e;C:\Program Files\Eclipse Adoptium\jdk-21.0.6.7-hotspot\bin\server;C:\WINDOWS\System32\DriverStore\FileRepository\u0410212.inf_amd64_daae2c8b5eb35aaa\B409877

VM Arguments:
jvm_args: -Dfile.encoding=UTF-8 -Dstdout.encoding=UTF-8 -Dstderr.encoding=UTF-8 --module-path=C:\Users\pege1\Documents\GitHub\gamejava\HarryPotterRPG\bin -XX:+ShowCodeDetailsInExceptionMessages -Djdk.module.main=HarryPotterRPG 
java_command: HarryPotterRPG/controle.Game
java_class_path (initial): C:\MySQL\mysql-connector-j-9.3.0\mysql-connector-j-9.3.0\mysql-connector-j-9.3.0.jar
Launcher Type: SUN_STANDARD

[Global flags]
     intx CICompilerCount                          = 4                                         {product} {ergonomic}
     uint ConcGCThreads                            = 2                                         {product} {ergonomic}
     uint G1ConcRefinementThreads                  = 8                                         {product} {ergonomic}
   size_t G1HeapRegionSize                         = 1048576                                   {product} {ergonomic}
    uintx GCDrainStackTargetSize                   = 64                                        {product} {ergonomic}
   size_t InitialHeapSize                          = 123731968                                 {product} {ergonomic}
   size_t MarkStackSize                            = 4194304                                   {product} {ergonomic}
   size_t MaxHeapSize                              = 1954545664                                {product} {ergonomic}
   size_t MaxNewSize                               = 1172307968                                {product} {ergonomic}
   size_t MinHeapDeltaBytes                        = 1048576                                   {product} {ergonomic}
   size_t MinHeapSize                              = 8388608                                   {product} {ergonomic}
    uintx NonNMethodCodeHeapSize                   = 5839372                                {pd product} {ergonomic}
    uintx NonProfiledCodeHeapSize                  = 122909434                              {pd product} {ergonomic}
    uintx ProfiledCodeHeapSize                     = 122909434                              {pd product} {ergonomic}
    uintx ReservedCodeCacheSize                    = 251658240                              {pd product} {ergonomic}
     bool SegmentedCodeCache                       = true                                      {product} {ergonomic}
     bool ShowCodeDetailsInExceptionMessages       = true                                   {manageable} {command line}
   size_t SoftMaxHeapSize                          = 1954545664                             {manageable} {ergonomic}
     bool UseCompressedOops                        = true                           {product lp64_product} {ergonomic}
     bool UseG1GC                                  = true                                      {product} {ergonomic}
     bool UseLargePagesIndividualAllocation        = false                                  {pd product} {ergonomic}

Logging:
Log output configuration:
 #0: stdout all=warning uptime,level,tags foldmultilines=false
 #1: stderr all=off uptime,level,tags foldmultilines=false

Environment Variables:
PATH=C:/Users/pege1/.p2/pool/plugins/org.eclipse.justj.openjdk.hotspot.jre.full.win32.x86_64_21.0.7.v20250502-0916/jre/bin/server;C:/Users/pege1/.p2/pool/plugins/org.eclipse.justj.openjdk.hotspot.jre.full.win32.x86_64_21.0.7.v20250502-0916/jre/bin;C:\Program Files\Common Files\Oracle\Java\javapath;C:\Program Files (x86)\EasyPHP-DevServer-14.1VC11\binaries\php\php_runningversion;C:\Program Files\Eclipse Adoptium\jdk-21.0.6.7-hotspot\bin;C:\Program Files (x86)\Common Files\Oracle\Java\javapath;C:\WINDOWS\system32;C:\WINDOWS;C:\WINDOWS\System32\Wbem;C:\WINDOWS\System32\WindowsPowerShell\v1.0\;C:\WINDOWS\System32\OpenSSH\;C:\MinGW\bin;C:\Program Files\Git\cmd;C:\Users\pege1\AppData\Local\Packages\PythonSoftwareFoundation.Python.3.11_qbz5n2kfra8p0\LocalCache\local-packages\Python311\Scripts;C:\Program Files\dotnet\;C:\Users\pege1\AppData\Local\Programs\Python\Launcher\;C:\Users\pege1\AppData\Local\Microsoft\WindowsApps;C:\Users\pege1\AppData\Local\Programs\Microsoft VS Code\bin;C:\Users\pege1\AppData\Local\GitHubDesktop\bin;C:\Users\pege1\.dotnet\tools;C:\Users\pege1\Desktop;
USERNAME=pege1
OS=Windows_NT
PROCESSOR_IDENTIFIER=AMD64 Family 23 Model 160 Stepping 0, AuthenticAMD
TMP=C:\Users\pege1\AppData\Local\Temp
TEMP=C:\Users\pege1\AppData\Local\Temp




Periodic native trim disabled

---------------  S Y S T E M  ---------------

OS:
 Windows 11 , 64 bit Build 26100 (10.0.26100.3912)
OS uptime: 25 days 4:01 hours
Hyper-V role detected

CPU: total 8 (initial active 8) (8 cores per cpu, 2 threads per core) family 23 model 160 stepping 0 microcode 0x8a00006, cx8, cmov, fxsr, ht, mmx, 3dnowpref, sse, sse2, sse3, ssse3, sse4a, sse4.1, sse4.2, popcnt, lzcnt, tsc, tscinvbit, avx, avx2, aes, clmul, bmi1, bmi2, adx, sha, fma, vzeroupper, clflush, clflushopt, hv, rdtscp, rdpid, f16c
Processor Information for processor 0
  Max Mhz: 2801, Current Mhz: 2246, Mhz Limit: 2801
Processor Information for processor 1
  Max Mhz: 2801, Current Mhz: 2246, Mhz Limit: 2801
Processor Information for processor 2
  Max Mhz: 2801, Current Mhz: 2246, Mhz Limit: 2801
Processor Information for processor 3
  Max Mhz: 2801, Current Mhz: 2246, Mhz Limit: 2801
Processor Information for processor 4
  Max Mhz: 2801, Current Mhz: 2246, Mhz Limit: 2801
Processor Information for processor 5
  Max Mhz: 2801, Current Mhz: 2246, Mhz Limit: 2801
Processor Information for processor 6
  Max Mhz: 2801, Current Mhz: 2801, Mhz Limit: 2801
Processor Information for processor 7
  Max Mhz: 2801, Current Mhz: 2246, Mhz Limit: 2801

Memory: 4k page, system-wide physical 7455M (797M free)
TotalPageFile size 29983M (AvailPageFile size 5M)
current process WorkingSet (physical memory assigned to process): 83M, peak: 83M
current process commit charge ("private bytes"): 222M, peak: 224M

vm_info: OpenJDK 64-Bit Server VM (21.0.6+7-LTS) for windows-amd64 JRE (21.0.6+7-LTS), built on 2025-01-21T00:00:00Z by "admin" with MS VC++ 17.7 (VS2022)

END.
